2024-03-08 18:14:25,343 [INFO] Activator:176 - 


2024-03-08 18:14:25,359 [INFO] Activator:177 - !SESSION log4j initialized
2024-03-08 18:14:35,645 [INFO] LogOutputStream:77 - [STDOUT_REDIRECT] 
2024-03-08 18:14:36,525 [ERROR] ConfigurationRetriever:142 - IOException on connection: sw-center.st.com
2024-03-08 18:14:36,527 [ERROR] ConfigurationRetriever:142 - IOException on connection: sw-center.st.com
2024-03-08 18:14:36,529 [ERROR] ConfigurationRetriever:142 - IOException on connection: sw-center.st.com
2024-03-08 18:14:38,612 [INFO] ApplicationProperties:184 - Using Application install path: C:\Users\georg\Desktop\STM32CubeIDE_1.14.1\STM32CubeIDE\plugins\com.st.stm32cube.common.mx_6.10.0.202311202037
2024-03-08 18:14:38,654 [INFO] DbMcusXml:78 - Set database path to: C:\Users\georg\Desktop\STM32CubeIDE_1.14.1\STM32CubeIDE\plugins\com.st.stm32cube.common.mx_6.10.0.202311202037\\db\/mcu/
2024-03-08 18:14:38,655 [INFO] ApiDb:274 - Set plugin database path to: C:\Users\georg\Desktop\STM32CubeIDE_1.14.1\STM32CubeIDE\plugins\com.st.stm32cube.common.mx_6.10.0.202311202037\\db\/plugins/boardmanager/
2024-03-08 18:14:38,655 [WARN] ApiDb:259 - Overriding images path with different value:  => C:\Users\georg\Desktop\STM32CubeIDE_1.14.1\STM32CubeIDE\plugins\com.st.stm32cube.common.mx_6.10.0.202311202037\\db\/plugins/mcufinder/images/
2024-03-08 18:14:38,675 [INFO] ApiDb:250 - Set database path to: C:\Users\georg\.stmcufinder\plugins\mcufinder//mcu/
2024-03-08 18:14:38,677 [INFO] DbMcusAds:125 - Set database path to: C:\Users\georg\.stmcufinder\plugins\mcufinder//mcu/
2024-03-08 18:14:38,681 [INFO] CrossReferenceDbSqlite:203 - Set database path to: C:\Users\georg\.stmcufinder\plugins\mcufinder//mcu/cs/
2024-03-08 18:14:38,970 [INFO] RulesReader:64 - Compatibility file has been processed (297 Rules)
2024-03-08 18:14:39,136 [INFO] DbMcusXml:78 - Set database path to: C:\Users\georg\Desktop\STM32CubeIDE_1.14.1\STM32CubeIDE\plugins\com.st.stm32cube.common.mx_6.10.0.202311202037\\db\/mcu/
2024-03-08 18:14:39,136 [INFO] ApiDb:274 - Set plugin database path to: C:\Users\georg\Desktop\STM32CubeIDE_1.14.1\STM32CubeIDE\plugins\com.st.stm32cube.common.mx_6.10.0.202311202037\\db\/plugins/boardmanager/
2024-03-08 18:14:39,136 [INFO] ApiDb:261 - Set plugin images path to: C:\Users\georg\Desktop\STM32CubeIDE_1.14.1\STM32CubeIDE\plugins\com.st.stm32cube.common.mx_6.10.0.202311202037\\db\/plugins/mcufinder/images/
2024-03-08 18:14:39,136 [WARN] DbFile:41 - Overriding database path with different value: C:\Users\georg\.stmcufinder\plugins\mcufinder/ => C:\Users\georg\.stmcufinder\plugins\mcufinder
2024-03-08 18:14:39,136 [INFO] ApiDb:250 - Set database path to: C:\Users\georg\.stmcufinder\plugins\mcufinder//mcu/
2024-03-08 18:14:39,136 [WARN] DbFile:41 - Overriding database path with different value: C:\Users\georg\.stmcufinder\plugins\mcufinder/ => C:\Users\georg\.stmcufinder\plugins\mcufinder
2024-03-08 18:14:39,136 [INFO] DbMcusAds:125 - Set database path to: C:\Users\georg\.stmcufinder\plugins\mcufinder//mcu/
2024-03-08 18:14:39,136 [WARN] DbFile:41 - Overriding database path with different value: C:\Users\georg\.stmcufinder\plugins\mcufinder/ => C:\Users\georg\.stmcufinder\plugins\mcufinder
2024-03-08 18:14:39,136 [WARN] DbFile:41 - Overriding database path with different value: C:\Users\georg\.stmcufinder\plugins\mcufinder/ => C:\Users\georg\.stmcufinder\plugins\mcufinder
2024-03-08 18:14:39,136 [INFO] CrossReferenceDbSqlite:203 - Set database path to: C:\Users\georg\.stmcufinder\plugins\mcufinder//mcu/cs/
2024-03-08 18:14:39,325 [INFO] MainPanel:264 - HeapMemory: 268435456
2024-03-08 18:14:39,519 [INFO] DbMcusXml:78 - Set database path to: C:\Users\georg\Desktop\STM32CubeIDE_1.14.1\STM32CubeIDE\plugins\com.st.stm32cube.common.mx_6.10.0.202311202037\\db\/mcu/
2024-03-08 18:14:39,520 [INFO] ApiDb:274 - Set plugin database path to: C:\Users\georg\Desktop\STM32CubeIDE_1.14.1\STM32CubeIDE\plugins\com.st.stm32cube.common.mx_6.10.0.202311202037\\db\/plugins/boardmanager/
2024-03-08 18:14:39,520 [INFO] ApiDb:261 - Set plugin images path to: C:\Users\georg\Desktop\STM32CubeIDE_1.14.1\STM32CubeIDE\plugins\com.st.stm32cube.common.mx_6.10.0.202311202037\\db\/plugins/mcufinder/images/
2024-03-08 18:14:39,520 [WARN] DbFile:41 - Overriding database path with different value: C:\Users\georg\.stmcufinder\plugins\mcufinder/ => C:\Users\georg\.stmcufinder\plugins\mcufinder
2024-03-08 18:14:39,520 [INFO] ApiDb:250 - Set database path to: C:\Users\georg\.stmcufinder\plugins\mcufinder//mcu/
2024-03-08 18:14:39,520 [WARN] DbFile:41 - Overriding database path with different value: C:\Users\georg\.stmcufinder\plugins\mcufinder/ => C:\Users\georg\.stmcufinder\plugins\mcufinder
2024-03-08 18:14:39,520 [INFO] DbMcusAds:125 - Set database path to: C:\Users\georg\.stmcufinder\plugins\mcufinder//mcu/
2024-03-08 18:14:39,520 [WARN] DbFile:41 - Overriding database path with different value: C:\Users\georg\.stmcufinder\plugins\mcufinder/ => C:\Users\georg\.stmcufinder\plugins\mcufinder
2024-03-08 18:14:39,520 [WARN] DbFile:41 - Overriding database path with different value: C:\Users\georg\.stmcufinder\plugins\mcufinder/ => C:\Users\georg\.stmcufinder\plugins\mcufinder
2024-03-08 18:14:39,520 [INFO] CrossReferenceDbSqlite:203 - Set database path to: C:\Users\georg\.stmcufinder\plugins\mcufinder//mcu/cs/
2024-03-08 18:14:39,558 [INFO] ApplicationProperties:184 - Using Application install path: C:\Users\georg\Desktop\STM32CubeIDE_1.14.1\STM32CubeIDE\plugins\com.st.stm32cube.common.mx_6.10.0.202311202037
2024-03-08 18:14:39,560 [INFO] PluginManage:196 - Search for loadable plugins [exclusion list=, ]
2024-03-08 18:14:39,562 [INFO] PluginManage:310 - Check plugin analytics
2024-03-08 18:14:40,033 [INFO] AnalyticsPlugin:253 - Accepted Software Licenses: 
2024-03-08 18:14:40,033 [INFO] AnalyticsPlugin:255 - Accepted CMSIS Pack Licenses: 
2024-03-08 18:14:40,033 [INFO] AnalyticsPlugin:257 - Accepted Firmware Licenses: 
2024-03-08 18:14:40,038 [INFO] PluginManage:359 - Loaded plugin analytics (category:tool,tabindex:-1)
2024-03-08 18:14:40,040 [INFO] PluginManage:310 - Check plugin cadmodel
2024-03-08 18:14:40,038 [ERROR] ConfigurationRetriever:142 - IOException on connection: sw-center.st.com
2024-03-08 18:14:40,041 [ERROR] ConfigurationRetriever:142 - IOException on connection: sw-center.st.com
2024-03-08 18:14:40,041 [ERROR] ConfigurationRetriever:142 - IOException on connection: sw-center.st.com
2024-03-08 18:14:40,066 [INFO] CADModel:105 - Init CAD model plugin
2024-03-08 18:14:40,070 [INFO] PluginManage:359 - Loaded plugin cadmodel (category:power,tabindex:5)
2024-03-08 18:14:40,070 [INFO] PluginManage:310 - Check plugin clock
2024-03-08 18:14:40,106 [INFO] PluginManage:359 - Loaded plugin clock (category:base,tabindex:2)
2024-03-08 18:14:40,106 [INFO] PluginManage:310 - Check plugin ddr
2024-03-08 18:14:40,125 [INFO] PluginManage:359 - Loaded plugin ddr (category:tool,tabindex:6)
2024-03-08 18:14:40,125 [INFO] PluginManage:310 - Check plugin filemanager
2024-03-08 18:14:40,623 [INFO] PluginManage:359 - Loaded plugin filemanager (category:base,tabindex:10)
2024-03-08 18:14:40,623 [INFO] PluginManage:310 - Check plugin ipmanager
2024-03-08 18:14:40,641 [INFO] PluginManage:359 - Loaded plugin ipmanager (category:base,tabindex:5)
2024-03-08 18:14:40,641 [INFO] PluginManage:310 - Check plugin lpbam
2024-03-08 18:14:40,690 [INFO] PluginManage:359 - Loaded plugin lpbam (category:base,tabindex:0)
2024-03-08 18:14:40,690 [INFO] PluginManage:310 - Check plugin memorymap
2024-03-08 18:14:40,756 [INFO] PluginManage:359 - Loaded plugin memorymap (category:base,tabindex:4)
2024-03-08 18:14:40,756 [INFO] PluginManage:310 - Check plugin pinoutandconfiguration
2024-03-08 18:14:40,807 [INFO] PluginManage:359 - Loaded plugin pinoutandconfiguration (category:base,tabindex:1)
2024-03-08 18:14:40,807 [INFO] PluginManage:310 - Check plugin pinoutconfig
2024-03-08 18:14:40,995 [WARN] SupportedApi:132 - Cannot load RTOS API schema: s4s-elt-must-match.1: The content of 'definitions' must match (annotation?, (simpleType | complexType)?, (unique | key | keyref)*)). A problem was found starting at: attribute.
2024-03-08 18:14:41,233 [INFO] PluginManage:359 - Loaded plugin pinoutconfig (category:base,tabindex:0)
2024-03-08 18:14:41,233 [INFO] PluginManage:310 - Check plugin power
2024-03-08 18:14:41,266 [INFO] PluginManage:359 - Loaded plugin power (category:power,tabindex:4)
2024-03-08 18:14:41,266 [INFO] PluginManage:310 - Check plugin projectmanager
2024-03-08 18:14:41,294 [INFO] PluginManage:359 - Loaded plugin projectmanager (category:projectmanager,tabindex:3)
2024-03-08 18:14:41,294 [INFO] PluginManage:310 - Check plugin thirdparty
2024-03-08 18:14:41,816 [INFO] PluginManage:359 - Loaded plugin thirdparty (category:base,tabindex:-1)
2024-03-08 18:14:41,816 [WARN] IntegrityCheckThread:84 - waiting for thirdparty lock release [integrity check]
2024-03-08 18:14:41,816 [INFO] PluginManage:310 - Check plugin tools
2024-03-08 18:14:41,820 [INFO] IntegrityCheckThread:86 - entering critical section [integrity check]
2024-03-08 18:14:41,820 [INFO] ThirdPartyUpdaterWithRetryManager:70 - Updater plugin not ready yet. [1/15]
2024-03-08 18:14:41,899 [INFO] PluginManage:359 - Loaded plugin tools (category:base,tabindex:7)
2024-03-08 18:14:41,901 [INFO] PluginManage:310 - Check plugin tutovideos
2024-03-08 18:14:42,276 [INFO] PluginManage:359 - Loaded plugin tutovideos (category:base,tabindex:-1)
2024-03-08 18:14:42,276 [INFO] PluginManage:310 - Check plugin updater
2024-03-08 18:14:42,292 [INFO] PluginManage:359 - Loaded plugin updater (category:base,tabindex:12)
2024-03-08 18:14:42,292 [INFO] PluginManage:310 - Check plugin userauth
2024-03-08 18:14:42,308 [INFO] UserAuth:114 - Init User Auth plugin
2024-03-08 18:14:42,308 [INFO] PluginManage:359 - Loaded plugin userauth (category:base,tabindex:14)
2024-03-08 18:14:42,309 [INFO] PluginManage:283 - PluginManage : Loaded plugins [17]
2024-03-08 18:14:42,699 [INFO] PinOutPanel:1499 - setPackage(No Configuration,No Configuration)
2024-03-08 18:14:42,834 [INFO] CADModel:165 - CPN selected for project level
2024-03-08 18:14:42,834 [INFO] CADModel:114 - Register for checkConnection events
2024-03-08 18:14:42,883 [INFO] IPUIPlugin:80 - create IPUIPlugin
2024-03-08 18:14:42,883 [INFO] PluginManager:220 - loadIPPluginJar : add adc
2024-03-08 18:14:42,968 [INFO] IPUIPlugin:80 - create IPUIPlugin
2024-03-08 18:14:42,968 [INFO] PluginManager:220 - loadIPPluginJar : add aes
2024-03-08 18:14:43,062 [INFO] IPUIPlugin:80 - create IPUIPlugin
2024-03-08 18:14:43,070 [INFO] PluginManager:220 - loadIPPluginJar : add can
2024-03-08 18:14:43,118 [INFO] IPUIPlugin:80 - create IPUIPlugin
2024-03-08 18:14:43,118 [INFO] PluginManager:220 - loadIPPluginJar : add comp
2024-03-08 18:14:43,207 [INFO] IPUIPlugin:80 - create IPUIPlugin
2024-03-08 18:14:43,207 [INFO] PluginManager:220 - loadIPPluginJar : add cryp
2024-03-08 18:14:43,296 [INFO] IPUIPlugin:80 - create IPUIPlugin
2024-03-08 18:14:43,296 [INFO] PluginManager:220 - loadIPPluginJar : add dfsdm
2024-03-08 18:14:43,336 [INFO] IPUIPlugin:80 - create IPUIPlugin
2024-03-08 18:14:43,336 [INFO] PluginManager:220 - loadIPPluginJar : add dma
2024-03-08 18:14:43,466 [INFO] IPUIPlugin:80 - create IPUIPlugin
2024-03-08 18:14:43,466 [INFO] PluginManager:220 - loadIPPluginJar : add dma3
2024-03-08 18:14:43,524 [INFO] IPUIPlugin:80 - create IPUIPlugin
2024-03-08 18:14:43,524 [INFO] PluginManager:220 - loadIPPluginJar : add fatfs
2024-03-08 18:14:43,661 [INFO] IPUIPlugin:80 - create IPUIPlugin
2024-03-08 18:14:43,661 [INFO] PluginManager:220 - loadIPPluginJar : add fmc
2024-03-08 18:14:43,702 [INFO] IPUIPlugin:80 - create IPUIPlugin
2024-03-08 18:14:43,702 [INFO] PluginManager:220 - loadIPPluginJar : add freertos
2024-03-08 18:14:43,766 [INFO] IPUIPlugin:80 - create IPUIPlugin
2024-03-08 18:14:43,766 [INFO] PluginManager:220 - loadIPPluginJar : add genericplugin
2024-03-08 18:14:44,065 [INFO] IPUIPlugin:80 - create IPUIPlugin
2024-03-08 18:14:44,065 [INFO] PluginManager:220 - loadIPPluginJar : add gfxmmu
2024-03-08 18:14:44,470 [INFO] IPUIPlugin:80 - create IPUIPlugin
2024-03-08 18:14:44,470 [INFO] PluginManager:220 - loadIPPluginJar : add gic
2024-03-08 18:14:44,494 [INFO] IPUIPlugin:80 - create IPUIPlugin
2024-03-08 18:14:44,494 [INFO] PluginManager:220 - loadIPPluginJar : add gpio
2024-03-08 18:14:44,785 [INFO] IPUIPlugin:80 - create IPUIPlugin
2024-03-08 18:14:44,785 [INFO] PluginManager:220 - loadIPPluginJar : add gtzc
2024-03-08 18:14:44,833 [INFO] ThirdPartyUpdaterWithRetryManager:70 - Updater plugin not ready yet. [2/15]
2024-03-08 18:14:44,881 [INFO] IPUIPlugin:80 - create IPUIPlugin
2024-03-08 18:14:44,881 [INFO] PluginManager:220 - loadIPPluginJar : add hash
2024-03-08 18:14:45,059 [INFO] IPUIPlugin:80 - create IPUIPlugin
2024-03-08 18:14:45,059 [INFO] PluginManager:220 - loadIPPluginJar : add i2c
2024-03-08 18:14:45,177 [INFO] IPUIPlugin:80 - create IPUIPlugin
2024-03-08 18:14:45,177 [INFO] PluginManager:220 - loadIPPluginJar : add i2s
2024-03-08 18:14:45,299 [INFO] IPUIPlugin:80 - create IPUIPlugin
2024-03-08 18:14:45,299 [INFO] PluginManager:220 - loadIPPluginJar : add i3c
2024-03-08 18:14:45,650 [INFO] IPUIPlugin:80 - create IPUIPlugin
2024-03-08 18:14:45,650 [INFO] PluginManager:220 - loadIPPluginJar : add ipddr
2024-03-08 18:14:45,948 [INFO] IPUIPlugin:80 - create IPUIPlugin
2024-03-08 18:14:45,948 [INFO] PluginManager:220 - loadIPPluginJar : add linkedlist
2024-03-08 18:14:46,054 [INFO] IPUIPlugin:80 - create IPUIPlugin
2024-03-08 18:14:46,054 [INFO] PluginManager:220 - loadIPPluginJar : add lorawan
2024-03-08 18:14:46,175 [INFO] IPUIPlugin:80 - create IPUIPlugin
2024-03-08 18:14:46,175 [INFO] PluginManager:220 - loadIPPluginJar : add ltdc
2024-03-08 18:14:46,216 [INFO] IPUIPlugin:80 - create IPUIPlugin
2024-03-08 18:14:46,216 [INFO] PluginManager:220 - loadIPPluginJar : add mdma
2024-03-08 18:14:46,253 [INFO] IPUIPlugin:80 - create IPUIPlugin
2024-03-08 18:14:46,253 [INFO] PluginManager:220 - loadIPPluginJar : add nvic
2024-03-08 18:14:46,367 [INFO] IPUIPlugin:80 - create IPUIPlugin
2024-03-08 18:14:46,370 [INFO] PluginManager:220 - loadIPPluginJar : add opamp
2024-03-08 18:14:46,557 [INFO] IPUIPlugin:80 - create IPUIPlugin
2024-03-08 18:14:46,557 [INFO] PluginManager:220 - loadIPPluginJar : add openamp
2024-03-08 18:14:46,687 [INFO] IPUIPlugin:80 - create IPUIPlugin
2024-03-08 18:14:46,687 [INFO] PluginManager:220 - loadIPPluginJar : add pdm2pcm
2024-03-08 18:14:46,719 [INFO] IPUIPlugin:80 - create IPUIPlugin
2024-03-08 18:14:46,727 [INFO] PluginManager:220 - loadIPPluginJar : add plateformsettings
2024-03-08 18:14:46,785 [INFO] IPUIPlugin:80 - create IPUIPlugin
2024-03-08 18:14:46,785 [INFO] PluginManager:220 - loadIPPluginJar : add quadspi
2024-03-08 18:14:46,817 [INFO] IPUIPlugin:80 - create IPUIPlugin
2024-03-08 18:14:46,817 [INFO] PluginManager:220 - loadIPPluginJar : add resmgrutility
2024-03-08 18:14:46,972 [INFO] IPUIPlugin:80 - create IPUIPlugin
2024-03-08 18:14:46,972 [INFO] PluginManager:220 - loadIPPluginJar : add sai
2024-03-08 18:14:47,085 [INFO] IPUIPlugin:80 - create IPUIPlugin
2024-03-08 18:14:47,085 [INFO] PluginManager:220 - loadIPPluginJar : add spi
2024-03-08 18:14:47,294 [INFO] IPUIPlugin:80 - create IPUIPlugin
2024-03-08 18:14:47,294 [INFO] PluginManager:220 - loadIPPluginJar : add stm32_wpan
2024-03-08 18:14:47,350 [INFO] IPUIPlugin:80 - create IPUIPlugin
2024-03-08 18:14:47,350 [INFO] PluginManager:220 - loadIPPluginJar : add tim
2024-03-08 18:14:47,535 [INFO] IPUIPlugin:80 - create IPUIPlugin
2024-03-08 18:14:47,535 [INFO] PluginManager:220 - loadIPPluginJar : add touchsensing
2024-03-08 18:14:47,603 [INFO] IPUIPlugin:80 - create IPUIPlugin
2024-03-08 18:14:47,603 [INFO] PluginManager:220 - loadIPPluginJar : add tracer_emb
2024-03-08 18:14:47,667 [INFO] IPUIPlugin:80 - create IPUIPlugin
2024-03-08 18:14:47,667 [INFO] PluginManager:220 - loadIPPluginJar : add ts
2024-03-08 18:14:47,723 [INFO] IPUIPlugin:80 - create IPUIPlugin
2024-03-08 18:14:47,723 [INFO] PluginManager:220 - loadIPPluginJar : add tsc
2024-03-08 18:14:47,783 [INFO] IPUIPlugin:80 - create IPUIPlugin
2024-03-08 18:14:47,783 [INFO] PluginManager:220 - loadIPPluginJar : add ucpd
2024-03-08 18:14:47,837 [INFO] ThirdPartyUpdaterWithRetryManager:70 - Updater plugin not ready yet. [3/15]
2024-03-08 18:14:47,910 [INFO] IPUIPlugin:80 - create IPUIPlugin
2024-03-08 18:14:47,910 [INFO] PluginManager:220 - loadIPPluginJar : add usart
2024-03-08 18:14:48,047 [INFO] IPUIPlugin:80 - create IPUIPlugin
2024-03-08 18:14:48,051 [INFO] PluginManager:220 - loadIPPluginJar : add usbx
2024-03-08 18:14:48,308 [INFO] CADModel:165 - CPN selected for project level
2024-03-08 18:14:48,308 [INFO] CADModel:114 - Register for checkConnection events
2024-03-08 18:14:48,308 [FATAL] Updater:308 - Updater called before beeing initialized
2024-03-08 18:14:48,316 [ERROR] CADModel:125 - Updater not yet initialized, retry later 
2024-03-08 18:14:48,829 [INFO] CADModel:165 - CPN selected for project level
2024-03-08 18:14:48,829 [INFO] CADModel:114 - Register for checkConnection events
2024-03-08 18:14:48,829 [FATAL] Updater:308 - Updater called before beeing initialized
2024-03-08 18:14:48,829 [ERROR] CADModel:125 - Updater not yet initialized, retry later 
2024-03-08 18:14:48,837 [FATAL] Updater:308 - Updater called before beeing initialized
2024-03-08 18:14:49,236 [FATAL] Updater:308 - Updater called before beeing initialized
2024-03-08 18:14:49,268 [INFO] DbMcusAds:53 - JSON generation date=Wed Nov 29 21:52:27 AEDT 2023 (1701255147349)
2024-03-08 18:14:49,268 [FATAL] Updater:308 - Updater called before beeing initialized
2024-03-08 18:14:49,537 [WARN] DetailPanel:346 - Failed to get advertising image, set to default
2024-03-08 18:14:49,878 [FATAL] Updater:308 - Updater called before beeing initialized
2024-03-08 18:14:49,886 [FATAL] Updater:308 - Updater called before beeing initialized
2024-03-08 18:14:49,886 [FATAL] Updater:308 - Updater called before beeing initialized
2024-03-08 18:14:49,886 [WARN] DetailPanel:346 - Failed to get advertising image, set to default
2024-03-08 18:14:49,886 [FATAL] Updater:308 - Updater called before beeing initialized
2024-03-08 18:14:50,119 [ERROR] Updater:1120 - MainUpdater not yet initialized. External WinMGr cannot be set.
2024-03-08 18:14:50,143 [INFO] Updater:1056 - Updater Version found : 6.10.0
2024-03-08 18:14:50,201 [INFO] ApplicationProperties:184 - Using Application install path: C:\Users\georg\Desktop\STM32CubeIDE_1.14.1\STM32CubeIDE\plugins\com.st.stm32cube.common.mx_6.10.0.202311202037
2024-03-08 18:14:50,850 [INFO] ThirdPartyUpdaterWithRetryManager:70 - Updater plugin not ready yet. [4/15]
2024-03-08 18:14:51,864 [ERROR] LogOutputStream:75 - [STDERR_REDIRECT] Mar 08, 2024 6:14:51 PM java.util.prefs.WindowsPreferences <init>
2024-03-08 18:14:51,867 [ERROR] LogOutputStream:75 - [STDERR_REDIRECT] WARNING: Could not open/create prefs root node Software\JavaSoft\Prefs at root 0xffffffff80000002. Windows RegCreateKeyEx(...) returned error code 5.
2024-03-08 18:14:51,872 [ERROR] LogOutputStream:75 - [STDERR_REDIRECT] 
2024-03-08 18:14:52,581 [INFO] MainUpdater:2873 - connection check result : 22
2024-03-08 18:14:52,587 [INFO] MainUpdater:290 - Updater Check For Update Now.
2024-03-08 18:14:52,587 [INFO] MicroXplorer:498 - Change Database Version : DB.6.0.100
2024-03-08 18:14:52,620 [INFO] McuFinderGlobals:63 - Set McuFinder mode to 2 (CubeIDE integrated)
2024-03-08 18:14:52,625 [INFO] UserAuth:180 - activating auth plugin
2024-03-08 18:14:52,636 [INFO] UserAuth:404 - Internet connection configuration mode: 2
2024-03-08 18:14:52,704 [INFO] UserAuth:404 - Internet connection configuration mode: 2
2024-03-08 18:14:53,054 [INFO] CheckServerUpdateThread:120 - End of CheckServer Thread
2024-03-08 18:14:54,636 [WARN] PackLoader:240 - Cannot read IP mode file for STMicroelectronics.X-CUBE-SMBUS.2.1.0
2024-03-08 18:14:54,712 [WARN] PackLoader:240 - Cannot read IP mode file for STMicroelectronics.X-CUBE-TOUCHGFX.4.23.0
2024-03-08 18:14:54,936 [WARN] PackLoader:240 - Cannot read IP mode file for STMicroelectronics.X-CUBE-AZRTOS-F7.1.1.0
2024-03-08 18:14:55,024 [WARN] PackLoader:240 - Cannot read IP mode file for STMicroelectronics.FP-SNS-MOTENV1.4.3.2
2024-03-08 18:14:55,094 [WARN] PackLoader:240 - Cannot read IP mode file for STMicroelectronics.FP-SNS-FLIGHT1.5.0.2
2024-03-08 18:14:55,144 [WARN] PackLoader:240 - Cannot read IP mode file for STMicroelectronics.X-CUBE-DISPLAY.3.0.0
2024-03-08 18:14:55,213 [WARN] PackLoader:240 - Cannot read IP mode file for STMicroelectronics.X-CUBE-BLE1.7.0.0
2024-03-08 18:14:55,272 [WARN] PackLoader:240 - Cannot read IP mode file for emotas.I-CUBE-CANOPEN.1.3.0
2024-03-08 18:14:55,347 [WARN] PackLoader:240 - Cannot read IP mode file for STMicroelectronics.X-CUBE-BLEMGR.3.1.0
2024-03-08 18:14:55,411 [WARN] PackLoader:240 - Cannot read IP mode file for STMicroelectronics.FP-SNS-SMARTAG2.1.2.0
2024-03-08 18:14:55,468 [INFO] LogOutputStream:77 - [STDOUT_REDIRECT] 1 : Invalid condition id : UX_CORESTACK_Condition cause : null
2024-03-08 18:14:55,470 [INFO] LogOutputStream:77 - [STDOUT_REDIRECT] 1 : Invalid condition id : UX_CORESTACK_Condition cause : null
2024-03-08 18:14:55,475 [INFO] LogOutputStream:77 - [STDOUT_REDIRECT] 1 : Invalid condition id : UX_CORESTACK_Condition cause : null
2024-03-08 18:14:55,480 [INFO] LogOutputStream:77 - [STDOUT_REDIRECT] 1 : Invalid condition id : UX_CORESTACK_Condition cause : null
2024-03-08 18:14:55,486 [INFO] LogOutputStream:77 - [STDOUT_REDIRECT] 1 : Invalid condition id : UX_CORESTACK_Condition cause : null
2024-03-08 18:14:55,499 [WARN] PackLoader:240 - Cannot read IP mode file for STMicroelectronics.X-CUBE-AZRTOS-WL.2.0.0
2024-03-08 18:14:55,537 [WARN] PackLoader:240 - Cannot read IP mode file for WES.I-CUBE-Cesium.1.3.0
2024-03-08 18:14:55,575 [WARN] PackLoader:240 - Cannot read IP mode file for STMicroelectronics.X-CUBE-BLE2.3.3.0
2024-03-08 18:14:55,611 [WARN] PackLoader:240 - Cannot read IP mode file for STMicroelectronics.X-CUBE-ALGOBUILD.1.3.0
2024-03-08 18:14:55,723 [WARN] PackLoader:240 - Cannot read IP mode file for STMicroelectronics.X-CUBE-AZRTOS-G0.1.1.0
2024-03-08 18:14:55,773 [WARN] PackLoader:240 - Cannot read IP mode file for STMicroelectronics.X-CUBE-NFC4.3.0.0
2024-03-08 18:14:55,803 [WARN] PackLoader:240 - Cannot read IP mode file for STMicroelectronics.FP-ATR-SIGFOX1.3.2.0
2024-03-08 18:14:55,845 [WARN] PackLoader:240 - Cannot read IP mode file for STMicroelectronics.X-CUBE-EEPRMA1.5.1.0
2024-03-08 18:14:55,983 [WARN] PackLoader:240 - Cannot read IP mode file for SEGGER.I-CUBE-embOS.1.3.1
2024-03-08 18:14:56,170 [WARN] PackLoader:240 - Cannot read IP mode file for STMicroelectronics.X-CUBE-GNSS1.6.0.0
2024-03-08 18:14:56,294 [WARN] PackLoader:240 - Cannot read IP mode file for STMicroelectronics.X-CUBE-AZRTOS-F4.1.1.0
2024-03-08 18:14:56,352 [WARN] PackLoader:240 - Cannot read IP mode file for wolfSSL.I-CUBE-wolfSSL.5.6.6
2024-03-08 18:14:56,451 [WARN] PackLoader:240 - Cannot read IP mode file for STMicroelectronics.X-CUBE-AZRTOS-L5.2.0.0
2024-03-08 18:14:56,509 [WARN] PackLoader:240 - Cannot read IP mode file for ITTIA_DB.I-CUBE-ITTIADB.8.8.0
2024-03-08 18:14:56,553 [WARN] PackLoader:240 - Cannot read IP mode file for STMicroelectronics.X-CUBE-NFC7.1.0.1
2024-03-08 18:14:56,607 [WARN] PackLoader:240 - Cannot read IP mode file for STMicroelectronics.X-CUBE-NFC6.3.0.0
2024-03-08 18:14:56,643 [WARN] PackLoader:240 - Cannot read IP mode file for STMicroelectronics.X-CUBE-AI.8.1.0
2024-03-08 18:14:56,755 [WARN] ConditionMgr:438 - getConditionDescription Invalid condition id : LAN8742 Phy interface Condition cause : null
2024-03-08 18:14:56,758 [WARN] PackLoader:240 - Cannot read IP mode file for STMicroelectronics.X-CUBE-AZRTOS-L4.2.0.0
2024-03-08 18:14:56,764 [WARN] ConditionMgr:1039 - genDependencies : Invalid condition id : LAN8742 Phy interface Condition cause : null
2024-03-08 18:14:56,765 [WARN] ConditionMgr:1039 - genDependencies : Invalid condition id : LAN8742 Phy interface Condition cause : null
2024-03-08 18:14:56,771 [WARN] ConditionMgr:1039 - genDependencies : Invalid condition id : LAN8742 Phy interface Condition cause : null
2024-03-08 18:14:56,834 [WARN] PackLoader:240 - Cannot read IP mode file for STMicroelectronics.X-CUBE-SFXS2LP1.4.0.0
2024-03-08 18:14:56,988 [WARN] ConditionMgr:438 - getConditionDescription Invalid condition id : UX DEVICE CLASS RTOS Condition cause : null
2024-03-08 18:14:56,989 [WARN] ConditionMgr:438 - getConditionDescription Invalid condition id : UX DEVICE CLASS RTOS Condition cause : null
2024-03-08 18:14:56,996 [WARN] PackLoader:240 - Cannot read IP mode file for STMicroelectronics.X-CUBE-AZRTOS-WB.2.0.0
2024-03-08 18:14:57,003 [WARN] ConditionMgr:1039 - genDependencies : Invalid condition id : UX DEVICE CLASS RTOS Condition cause : null
2024-03-08 18:14:57,003 [WARN] ConditionMgr:1039 - genDependencies : Invalid condition id : UX DEVICE CLASS RTOS Condition cause : null
2024-03-08 18:14:57,005 [WARN] ConditionMgr:1039 - genDependencies : Invalid condition id : UX DEVICE CLASS RTOS Condition cause : null
2024-03-08 18:14:57,006 [WARN] ConditionMgr:1039 - genDependencies : Invalid condition id : UX DEVICE CLASS RTOS Condition cause : null
2024-03-08 18:14:57,006 [WARN] ConditionMgr:1039 - genDependencies : Invalid condition id : UX DEVICE CLASS RTOS Condition cause : null
2024-03-08 18:14:57,096 [WARN] PackLoader:240 - Cannot read IP mode file for STMicroelectronics.X-CUBE-SUBG2.5.0.0
2024-03-08 18:14:57,191 [WARN] PackLoader:240 - Cannot read IP mode file for STMicroelectronics.X-CUBE-AZRTOS-G4.2.0.0
2024-03-08 18:14:57,268 [WARN] PackLoader:240 - Cannot read IP mode file for Infineon.AIROC-Wi-Fi-Bluetooth-STM32.1.5.1
2024-03-08 18:14:57,323 [WARN] PackLoader:240 - Cannot read IP mode file for STMicroelectronics.FP-SNS-MOTENVWB1.1.3.1
2024-03-08 18:14:57,358 [WARN] PackLoader:240 - Cannot read IP mode file for STMicroelectronics.X-CUBE-ISPU.2.0.0
2024-03-08 18:14:57,525 [WARN] PackLoader:240 - Cannot read IP mode file for STMicroelectronics.X-CUBE-MEMS1.10.0.0
2024-03-08 18:14:57,984 [WARN] PackLoader:240 - Cannot read IP mode file for STMicroelectronics.X-CUBE-FREERTOS.1.1.0
2024-03-08 18:14:58,029 [WARN] PackLoader:240 - Cannot read IP mode file for portGmbH.I-Cube-SoM-uGOAL.1.1.0
2024-03-08 18:14:58,068 [WARN] PackLoader:240 - Cannot read IP mode file for STMicroelectronics.X-CUBE-ALS.1.0.1
2024-03-08 18:14:58,104 [WARN] PackLoader:240 - Cannot read IP mode file for STMicroelectronics.FP-ATR-ASTRA1.2.0.0
2024-03-08 18:14:58,156 [WARN] PackLoader:240 - Cannot read IP mode file for STMicroelectronics.X-CUBE-TOF1.3.4.1
2024-03-08 18:14:58,320 [WARN] PackLoader:240 - Cannot read IP mode file for STMicroelectronics.X-CUBE-AZRTOS-H7.3.2.0
2024-03-08 18:14:58,333 [INFO] ThirdParty:978 - Integrity check success = true
2024-03-08 18:14:58,333 [INFO] IntegrityCheckThread:100 - exiting critical section [integrity check]
2024-03-08 18:14:58,335 [INFO] IntegrityCheckThread:103 - End integrity checks thread
2024-03-08 18:15:15,850 [ERROR] LogOutputStream:75 - [STDERR_REDIRECT] SLF4J: Failed to load class "org.slf4j.impl.StaticLoggerBinder".
2024-03-08 18:15:15,857 [ERROR] LogOutputStream:75 - [STDERR_REDIRECT] SLF4J: Defaulting to no-operation (NOP) logger implementation
2024-03-08 18:15:15,865 [ERROR] LogOutputStream:75 - [STDERR_REDIRECT] SLF4J: See http://www.slf4j.org/codes.html#StaticLoggerBinder for further details.
