2024-03-03 19:40:45,202 [INFO] Activator:176 - 


2024-03-03 19:40:45,221 [INFO] Activator:177 - !SESSION log4j initialized
2024-03-03 19:41:01,973 [INFO] LogOutputStream:77 - [STDOUT_REDIRECT] 
2024-03-03 19:41:04,309 [INFO] ApplicationProperties:184 - Using Application install path: C:\Users\georg\Desktop\STM32CubeIDE_1.14.1\STM32CubeIDE\plugins\com.st.stm32cube.common.mx_6.10.0.202311202037
2024-03-03 19:41:04,345 [INFO] DbMcusXml:78 - Set database path to: C:\Users\georg\Desktop\STM32CubeIDE_1.14.1\STM32CubeIDE\plugins\com.st.stm32cube.common.mx_6.10.0.202311202037\\db\/mcu/
2024-03-03 19:41:04,345 [INFO] ApiDb:274 - Set plugin database path to: C:\Users\georg\Desktop\STM32CubeIDE_1.14.1\STM32CubeIDE\plugins\com.st.stm32cube.common.mx_6.10.0.202311202037\\db\/plugins/boardmanager/
2024-03-03 19:41:04,346 [WARN] ApiDb:259 - Overriding images path with different value:  => C:\Users\georg\Desktop\STM32CubeIDE_1.14.1\STM32CubeIDE\plugins\com.st.stm32cube.common.mx_6.10.0.202311202037\\db\/plugins/mcufinder/images/
2024-03-03 19:41:04,361 [INFO] ApiDb:250 - Set database path to: C:\Users\georg\.stmcufinder\plugins\mcufinder//mcu/
2024-03-03 19:41:04,362 [INFO] DbMcusAds:125 - Set database path to: C:\Users\georg\.stmcufinder\plugins\mcufinder//mcu/
2024-03-03 19:41:04,365 [INFO] CrossReferenceDbSqlite:203 - Set database path to: C:\Users\georg\.stmcufinder\plugins\mcufinder//mcu/cs/
2024-03-03 19:41:04,641 [INFO] RulesReader:64 - Compatibility file has been processed (297 Rules)
2024-03-03 19:41:04,938 [INFO] DbMcusXml:78 - Set database path to: C:\Users\georg\Desktop\STM32CubeIDE_1.14.1\STM32CubeIDE\plugins\com.st.stm32cube.common.mx_6.10.0.202311202037\\db\/mcu/
2024-03-03 19:41:04,939 [INFO] ApiDb:274 - Set plugin database path to: C:\Users\georg\Desktop\STM32CubeIDE_1.14.1\STM32CubeIDE\plugins\com.st.stm32cube.common.mx_6.10.0.202311202037\\db\/plugins/boardmanager/
2024-03-03 19:41:04,941 [INFO] ApiDb:261 - Set plugin images path to: C:\Users\georg\Desktop\STM32CubeIDE_1.14.1\STM32CubeIDE\plugins\com.st.stm32cube.common.mx_6.10.0.202311202037\\db\/plugins/mcufinder/images/
2024-03-03 19:41:04,941 [WARN] DbFile:41 - Overriding database path with different value: C:\Users\georg\.stmcufinder\plugins\mcufinder/ => C:\Users\georg\.stmcufinder\plugins\mcufinder
2024-03-03 19:41:04,942 [INFO] ApiDb:250 - Set database path to: C:\Users\georg\.stmcufinder\plugins\mcufinder//mcu/
2024-03-03 19:41:04,943 [WARN] DbFile:41 - Overriding database path with different value: C:\Users\georg\.stmcufinder\plugins\mcufinder/ => C:\Users\georg\.stmcufinder\plugins\mcufinder
2024-03-03 19:41:04,943 [INFO] DbMcusAds:125 - Set database path to: C:\Users\georg\.stmcufinder\plugins\mcufinder//mcu/
2024-03-03 19:41:04,943 [WARN] DbFile:41 - Overriding database path with different value: C:\Users\georg\.stmcufinder\plugins\mcufinder/ => C:\Users\georg\.stmcufinder\plugins\mcufinder
2024-03-03 19:41:04,944 [WARN] DbFile:41 - Overriding database path with different value: C:\Users\georg\.stmcufinder\plugins\mcufinder/ => C:\Users\georg\.stmcufinder\plugins\mcufinder
2024-03-03 19:41:04,944 [INFO] CrossReferenceDbSqlite:203 - Set database path to: C:\Users\georg\.stmcufinder\plugins\mcufinder//mcu/cs/
2024-03-03 19:41:05,274 [INFO] MainPanel:264 - HeapMemory: 268435456
2024-03-03 19:41:05,462 [INFO] DbMcusXml:78 - Set database path to: C:\Users\georg\Desktop\STM32CubeIDE_1.14.1\STM32CubeIDE\plugins\com.st.stm32cube.common.mx_6.10.0.202311202037\\db\/mcu/
2024-03-03 19:41:05,462 [INFO] ApiDb:274 - Set plugin database path to: C:\Users\georg\Desktop\STM32CubeIDE_1.14.1\STM32CubeIDE\plugins\com.st.stm32cube.common.mx_6.10.0.202311202037\\db\/plugins/boardmanager/
2024-03-03 19:41:05,462 [INFO] ApiDb:261 - Set plugin images path to: C:\Users\georg\Desktop\STM32CubeIDE_1.14.1\STM32CubeIDE\plugins\com.st.stm32cube.common.mx_6.10.0.202311202037\\db\/plugins/mcufinder/images/
2024-03-03 19:41:05,463 [WARN] DbFile:41 - Overriding database path with different value: C:\Users\georg\.stmcufinder\plugins\mcufinder/ => C:\Users\georg\.stmcufinder\plugins\mcufinder
2024-03-03 19:41:05,463 [INFO] ApiDb:250 - Set database path to: C:\Users\georg\.stmcufinder\plugins\mcufinder//mcu/
2024-03-03 19:41:05,463 [WARN] DbFile:41 - Overriding database path with different value: C:\Users\georg\.stmcufinder\plugins\mcufinder/ => C:\Users\georg\.stmcufinder\plugins\mcufinder
2024-03-03 19:41:05,463 [INFO] DbMcusAds:125 - Set database path to: C:\Users\georg\.stmcufinder\plugins\mcufinder//mcu/
2024-03-03 19:41:05,464 [WARN] DbFile:41 - Overriding database path with different value: C:\Users\georg\.stmcufinder\plugins\mcufinder/ => C:\Users\georg\.stmcufinder\plugins\mcufinder
2024-03-03 19:41:05,464 [WARN] DbFile:41 - Overriding database path with different value: C:\Users\georg\.stmcufinder\plugins\mcufinder/ => C:\Users\georg\.stmcufinder\plugins\mcufinder
2024-03-03 19:41:05,464 [INFO] CrossReferenceDbSqlite:203 - Set database path to: C:\Users\georg\.stmcufinder\plugins\mcufinder//mcu/cs/
2024-03-03 19:41:05,491 [INFO] ApplicationProperties:184 - Using Application install path: C:\Users\georg\Desktop\STM32CubeIDE_1.14.1\STM32CubeIDE\plugins\com.st.stm32cube.common.mx_6.10.0.202311202037
2024-03-03 19:41:05,493 [INFO] PluginManage:196 - Search for loadable plugins [exclusion list=, ]
2024-03-03 19:41:05,495 [INFO] PluginManage:310 - Check plugin analytics
2024-03-03 19:41:05,969 [INFO] AnalyticsPlugin:253 - Accepted Software Licenses: 
2024-03-03 19:41:05,971 [INFO] AnalyticsPlugin:255 - Accepted CMSIS Pack Licenses: 
2024-03-03 19:41:05,972 [INFO] AnalyticsPlugin:257 - Accepted Firmware Licenses: 
2024-03-03 19:41:05,986 [INFO] PluginManage:359 - Loaded plugin analytics (category:tool,tabindex:-1)
2024-03-03 19:41:05,987 [INFO] PluginManage:310 - Check plugin cadmodel
2024-03-03 19:41:06,022 [INFO] CADModel:105 - Init CAD model plugin
2024-03-03 19:41:06,023 [INFO] PluginManage:359 - Loaded plugin cadmodel (category:power,tabindex:5)
2024-03-03 19:41:06,023 [INFO] PluginManage:310 - Check plugin clock
2024-03-03 19:41:06,066 [INFO] PluginManage:359 - Loaded plugin clock (category:base,tabindex:2)
2024-03-03 19:41:06,067 [INFO] PluginManage:310 - Check plugin ddr
2024-03-03 19:41:06,073 [INFO] PluginManage:359 - Loaded plugin ddr (category:tool,tabindex:6)
2024-03-03 19:41:06,073 [INFO] PluginManage:310 - Check plugin filemanager
2024-03-03 19:41:06,307 [INFO] PluginManage:359 - Loaded plugin filemanager (category:base,tabindex:10)
2024-03-03 19:41:06,307 [INFO] PluginManage:310 - Check plugin ipmanager
2024-03-03 19:41:06,318 [INFO] PluginManage:359 - Loaded plugin ipmanager (category:base,tabindex:5)
2024-03-03 19:41:06,318 [INFO] PluginManage:310 - Check plugin lpbam
2024-03-03 19:41:06,341 [INFO] PluginManage:359 - Loaded plugin lpbam (category:base,tabindex:0)
2024-03-03 19:41:06,341 [INFO] PluginManage:310 - Check plugin memorymap
2024-03-03 19:41:06,380 [INFO] PluginManage:359 - Loaded plugin memorymap (category:base,tabindex:4)
2024-03-03 19:41:06,380 [INFO] PluginManage:310 - Check plugin pinoutandconfiguration
2024-03-03 19:41:06,408 [INFO] PluginManage:359 - Loaded plugin pinoutandconfiguration (category:base,tabindex:1)
2024-03-03 19:41:06,409 [INFO] PluginManage:310 - Check plugin pinoutconfig
2024-03-03 19:41:06,590 [WARN] SupportedApi:132 - Cannot load RTOS API schema: s4s-elt-must-match.1: The content of 'definitions' must match (annotation?, (simpleType | complexType)?, (unique | key | keyref)*)). A problem was found starting at: attribute.
2024-03-03 19:41:06,810 [INFO] PluginManage:359 - Loaded plugin pinoutconfig (category:base,tabindex:0)
2024-03-03 19:41:06,810 [INFO] PluginManage:310 - Check plugin power
2024-03-03 19:41:06,850 [INFO] PluginManage:359 - Loaded plugin power (category:power,tabindex:4)
2024-03-03 19:41:06,851 [INFO] PluginManage:310 - Check plugin projectmanager
2024-03-03 19:41:06,887 [INFO] PluginManage:359 - Loaded plugin projectmanager (category:projectmanager,tabindex:3)
2024-03-03 19:41:06,887 [INFO] PluginManage:310 - Check plugin thirdparty
2024-03-03 19:41:07,502 [WARN] IntegrityCheckThread:84 - waiting for thirdparty lock release [integrity check]
2024-03-03 19:41:07,503 [INFO] IntegrityCheckThread:86 - entering critical section [integrity check]
2024-03-03 19:41:07,502 [INFO] PluginManage:359 - Loaded plugin thirdparty (category:base,tabindex:-1)
2024-03-03 19:41:07,504 [INFO] ThirdPartyUpdaterWithRetryManager:70 - Updater plugin not ready yet. [1/15]
2024-03-03 19:41:07,504 [INFO] PluginManage:310 - Check plugin tools
2024-03-03 19:41:07,615 [INFO] PluginManage:359 - Loaded plugin tools (category:base,tabindex:7)
2024-03-03 19:41:07,616 [INFO] PluginManage:310 - Check plugin tutovideos
2024-03-03 19:41:08,210 [INFO] PluginManage:359 - Loaded plugin tutovideos (category:base,tabindex:-1)
2024-03-03 19:41:08,211 [INFO] PluginManage:310 - Check plugin updater
2024-03-03 19:41:08,262 [INFO] PluginManage:359 - Loaded plugin updater (category:base,tabindex:12)
2024-03-03 19:41:08,263 [INFO] PluginManage:310 - Check plugin userauth
2024-03-03 19:41:08,281 [INFO] UserAuth:114 - Init User Auth plugin
2024-03-03 19:41:08,282 [INFO] PluginManage:359 - Loaded plugin userauth (category:base,tabindex:14)
2024-03-03 19:41:08,284 [INFO] PluginManage:283 - PluginManage : Loaded plugins [17]
2024-03-03 19:41:09,004 [INFO] PinOutPanel:1499 - setPackage(No Configuration,No Configuration)
2024-03-03 19:41:09,228 [INFO] CADModel:165 - CPN selected for project level
2024-03-03 19:41:09,229 [INFO] CADModel:114 - Register for checkConnection events
2024-03-03 19:41:09,300 [INFO] IPUIPlugin:80 - create IPUIPlugin
2024-03-03 19:41:09,300 [INFO] PluginManager:220 - loadIPPluginJar : add adc
2024-03-03 19:41:09,395 [INFO] IPUIPlugin:80 - create IPUIPlugin
2024-03-03 19:41:09,396 [INFO] PluginManager:220 - loadIPPluginJar : add aes
2024-03-03 19:41:09,528 [INFO] IPUIPlugin:80 - create IPUIPlugin
2024-03-03 19:41:09,528 [INFO] PluginManager:220 - loadIPPluginJar : add can
2024-03-03 19:41:09,596 [INFO] IPUIPlugin:80 - create IPUIPlugin
2024-03-03 19:41:09,597 [INFO] PluginManager:220 - loadIPPluginJar : add comp
2024-03-03 19:41:09,701 [INFO] IPUIPlugin:80 - create IPUIPlugin
2024-03-03 19:41:09,702 [INFO] PluginManager:220 - loadIPPluginJar : add cryp
2024-03-03 19:41:09,787 [INFO] IPUIPlugin:80 - create IPUIPlugin
2024-03-03 19:41:09,787 [INFO] PluginManager:220 - loadIPPluginJar : add dfsdm
2024-03-03 19:41:09,830 [INFO] IPUIPlugin:80 - create IPUIPlugin
2024-03-03 19:41:09,831 [INFO] PluginManager:220 - loadIPPluginJar : add dma
2024-03-03 19:41:09,969 [INFO] IPUIPlugin:80 - create IPUIPlugin
2024-03-03 19:41:09,970 [INFO] PluginManager:220 - loadIPPluginJar : add dma3
2024-03-03 19:41:10,028 [INFO] IPUIPlugin:80 - create IPUIPlugin
2024-03-03 19:41:10,028 [INFO] PluginManager:220 - loadIPPluginJar : add fatfs
2024-03-03 19:41:10,170 [INFO] IPUIPlugin:80 - create IPUIPlugin
2024-03-03 19:41:10,171 [INFO] PluginManager:220 - loadIPPluginJar : add fmc
2024-03-03 19:41:10,202 [INFO] IPUIPlugin:80 - create IPUIPlugin
2024-03-03 19:41:10,203 [INFO] PluginManager:220 - loadIPPluginJar : add freertos
2024-03-03 19:41:10,255 [INFO] IPUIPlugin:80 - create IPUIPlugin
2024-03-03 19:41:10,255 [INFO] PluginManager:220 - loadIPPluginJar : add genericplugin
2024-03-03 19:41:10,483 [INFO] IPUIPlugin:80 - create IPUIPlugin
2024-03-03 19:41:10,483 [INFO] PluginManager:220 - loadIPPluginJar : add gfxmmu
2024-03-03 19:41:10,505 [INFO] ThirdPartyUpdaterWithRetryManager:70 - Updater plugin not ready yet. [2/15]
2024-03-03 19:41:10,877 [INFO] IPUIPlugin:80 - create IPUIPlugin
2024-03-03 19:41:10,878 [INFO] PluginManager:220 - loadIPPluginJar : add gic
2024-03-03 19:41:10,918 [INFO] IPUIPlugin:80 - create IPUIPlugin
2024-03-03 19:41:10,918 [INFO] PluginManager:220 - loadIPPluginJar : add gpio
2024-03-03 19:41:11,215 [INFO] IPUIPlugin:80 - create IPUIPlugin
2024-03-03 19:41:11,215 [INFO] PluginManager:220 - loadIPPluginJar : add gtzc
2024-03-03 19:41:11,293 [INFO] IPUIPlugin:80 - create IPUIPlugin
2024-03-03 19:41:11,294 [INFO] PluginManager:220 - loadIPPluginJar : add hash
2024-03-03 19:41:11,456 [INFO] IPUIPlugin:80 - create IPUIPlugin
2024-03-03 19:41:11,457 [INFO] PluginManager:220 - loadIPPluginJar : add i2c
2024-03-03 19:41:11,599 [INFO] IPUIPlugin:80 - create IPUIPlugin
2024-03-03 19:41:11,600 [INFO] PluginManager:220 - loadIPPluginJar : add i2s
2024-03-03 19:41:11,744 [INFO] IPUIPlugin:80 - create IPUIPlugin
2024-03-03 19:41:11,745 [INFO] PluginManager:220 - loadIPPluginJar : add i3c
2024-03-03 19:41:12,075 [INFO] IPUIPlugin:80 - create IPUIPlugin
2024-03-03 19:41:12,075 [INFO] PluginManager:220 - loadIPPluginJar : add ipddr
2024-03-03 19:41:12,352 [INFO] IPUIPlugin:80 - create IPUIPlugin
2024-03-03 19:41:12,353 [INFO] PluginManager:220 - loadIPPluginJar : add linkedlist
2024-03-03 19:41:12,465 [INFO] IPUIPlugin:80 - create IPUIPlugin
2024-03-03 19:41:12,466 [INFO] PluginManager:220 - loadIPPluginJar : add lorawan
2024-03-03 19:41:12,593 [INFO] IPUIPlugin:80 - create IPUIPlugin
2024-03-03 19:41:12,593 [INFO] PluginManager:220 - loadIPPluginJar : add ltdc
2024-03-03 19:41:12,630 [INFO] IPUIPlugin:80 - create IPUIPlugin
2024-03-03 19:41:12,630 [INFO] PluginManager:220 - loadIPPluginJar : add mdma
2024-03-03 19:41:12,663 [INFO] IPUIPlugin:80 - create IPUIPlugin
2024-03-03 19:41:12,664 [INFO] PluginManager:220 - loadIPPluginJar : add nvic
2024-03-03 19:41:12,763 [INFO] IPUIPlugin:80 - create IPUIPlugin
2024-03-03 19:41:12,763 [INFO] PluginManager:220 - loadIPPluginJar : add opamp
2024-03-03 19:41:12,943 [INFO] IPUIPlugin:80 - create IPUIPlugin
2024-03-03 19:41:12,944 [INFO] PluginManager:220 - loadIPPluginJar : add openamp
2024-03-03 19:41:13,083 [INFO] IPUIPlugin:80 - create IPUIPlugin
2024-03-03 19:41:13,083 [INFO] PluginManager:220 - loadIPPluginJar : add pdm2pcm
2024-03-03 19:41:13,116 [INFO] IPUIPlugin:80 - create IPUIPlugin
2024-03-03 19:41:13,126 [INFO] PluginManager:220 - loadIPPluginJar : add plateformsettings
2024-03-03 19:41:13,192 [INFO] IPUIPlugin:80 - create IPUIPlugin
2024-03-03 19:41:13,193 [INFO] PluginManager:220 - loadIPPluginJar : add quadspi
2024-03-03 19:41:13,223 [INFO] IPUIPlugin:80 - create IPUIPlugin
2024-03-03 19:41:13,223 [INFO] PluginManager:220 - loadIPPluginJar : add resmgrutility
2024-03-03 19:41:13,356 [INFO] IPUIPlugin:80 - create IPUIPlugin
2024-03-03 19:41:13,357 [INFO] PluginManager:220 - loadIPPluginJar : add sai
2024-03-03 19:41:13,468 [INFO] IPUIPlugin:80 - create IPUIPlugin
2024-03-03 19:41:13,468 [INFO] PluginManager:220 - loadIPPluginJar : add spi
2024-03-03 19:41:13,507 [INFO] ThirdPartyUpdaterWithRetryManager:70 - Updater plugin not ready yet. [3/15]
2024-03-03 19:41:13,652 [INFO] IPUIPlugin:80 - create IPUIPlugin
2024-03-03 19:41:13,653 [INFO] PluginManager:220 - loadIPPluginJar : add stm32_wpan
2024-03-03 19:41:13,717 [INFO] IPUIPlugin:80 - create IPUIPlugin
2024-03-03 19:41:13,718 [INFO] PluginManager:220 - loadIPPluginJar : add tim
2024-03-03 19:41:13,874 [INFO] IPUIPlugin:80 - create IPUIPlugin
2024-03-03 19:41:13,874 [INFO] PluginManager:220 - loadIPPluginJar : add touchsensing
2024-03-03 19:41:13,937 [INFO] IPUIPlugin:80 - create IPUIPlugin
2024-03-03 19:41:13,937 [INFO] PluginManager:220 - loadIPPluginJar : add tracer_emb
2024-03-03 19:41:13,992 [INFO] IPUIPlugin:80 - create IPUIPlugin
2024-03-03 19:41:13,992 [INFO] PluginManager:220 - loadIPPluginJar : add ts
2024-03-03 19:41:14,038 [INFO] IPUIPlugin:80 - create IPUIPlugin
2024-03-03 19:41:14,039 [INFO] PluginManager:220 - loadIPPluginJar : add tsc
2024-03-03 19:41:14,104 [INFO] IPUIPlugin:80 - create IPUIPlugin
2024-03-03 19:41:14,105 [INFO] PluginManager:220 - loadIPPluginJar : add ucpd
2024-03-03 19:41:14,229 [INFO] IPUIPlugin:80 - create IPUIPlugin
2024-03-03 19:41:14,230 [INFO] PluginManager:220 - loadIPPluginJar : add usart
2024-03-03 19:41:14,355 [INFO] IPUIPlugin:80 - create IPUIPlugin
2024-03-03 19:41:14,355 [INFO] PluginManager:220 - loadIPPluginJar : add usbx
2024-03-03 19:41:14,613 [INFO] CADModel:165 - CPN selected for project level
2024-03-03 19:41:14,614 [INFO] CADModel:114 - Register for checkConnection events
2024-03-03 19:41:14,614 [FATAL] Updater:308 - Updater called before beeing initialized
2024-03-03 19:41:14,614 [ERROR] CADModel:125 - Updater not yet initialized, retry later 
2024-03-03 19:41:15,033 [INFO] CADModel:165 - CPN selected for project level
2024-03-03 19:41:15,034 [INFO] CADModel:114 - Register for checkConnection events
2024-03-03 19:41:15,034 [FATAL] Updater:308 - Updater called before beeing initialized
2024-03-03 19:41:15,034 [ERROR] CADModel:125 - Updater not yet initialized, retry later 
2024-03-03 19:41:15,044 [FATAL] Updater:308 - Updater called before beeing initialized
2024-03-03 19:41:15,404 [FATAL] Updater:308 - Updater called before beeing initialized
2024-03-03 19:41:15,440 [INFO] DbMcusAds:53 - JSON generation date=Wed Nov 29 21:52:27 AEDT 2023 (1701255147349)
2024-03-03 19:41:15,440 [FATAL] Updater:308 - Updater called before beeing initialized
2024-03-03 19:41:15,672 [WARN] DetailPanel:346 - Failed to get advertising image, set to default
2024-03-03 19:41:16,013 [FATAL] Updater:308 - Updater called before beeing initialized
2024-03-03 19:41:16,019 [FATAL] Updater:308 - Updater called before beeing initialized
2024-03-03 19:41:16,019 [FATAL] Updater:308 - Updater called before beeing initialized
2024-03-03 19:41:16,019 [WARN] DetailPanel:346 - Failed to get advertising image, set to default
2024-03-03 19:41:16,022 [FATAL] Updater:308 - Updater called before beeing initialized
2024-03-03 19:41:16,229 [ERROR] Updater:1120 - MainUpdater not yet initialized. External WinMGr cannot be set.
2024-03-03 19:41:16,259 [INFO] Updater:1056 - Updater Version found : 6.10.0
2024-03-03 19:41:16,313 [INFO] ApplicationProperties:184 - Using Application install path: C:\Users\georg\Desktop\STM32CubeIDE_1.14.1\STM32CubeIDE\plugins\com.st.stm32cube.common.mx_6.10.0.202311202037
2024-03-03 19:41:16,510 [INFO] ThirdPartyUpdaterWithRetryManager:70 - Updater plugin not ready yet. [4/15]
2024-03-03 19:41:17,928 [ERROR] LogOutputStream:75 - [STDERR_REDIRECT] Mar 03, 2024 7:41:17 PM java.util.prefs.WindowsPreferences <init>
2024-03-03 19:41:17,934 [ERROR] LogOutputStream:75 - [STDERR_REDIRECT] WARNING: Could not open/create prefs root node Software\JavaSoft\Prefs at root 0xffffffff80000002. Windows RegCreateKeyEx(...) returned error code 5.
2024-03-03 19:41:17,934 [ERROR] LogOutputStream:75 - [STDERR_REDIRECT] 
2024-03-03 19:41:18,751 [INFO] MainUpdater:2873 - connection check result : 10
2024-03-03 19:41:18,754 [INFO] MainUpdater:290 - Updater Check For Update Now.
2024-03-03 19:41:18,754 [INFO] MicroXplorer:498 - Change Database Version : DB.6.0.100
2024-03-03 19:41:18,805 [INFO] McuFinderGlobals:63 - Set McuFinder mode to 2 (CubeIDE integrated)
2024-03-03 19:41:18,806 [INFO] UserAuth:180 - activating auth plugin
2024-03-03 19:41:18,818 [INFO] UserAuth:404 - Internet connection configuration mode: 1
2024-03-03 19:41:18,935 [INFO] JxBrowserEngine:152 - Initiate JxBrowser Engine with user profile folder
2024-03-03 19:41:19,178 [INFO] CheckServerUpdateThread:120 - End of CheckServer Thread
2024-03-03 19:41:20,006 [WARN] PackLoader:240 - Cannot read IP mode file for STMicroelectronics.FP-SNS-FLIGHT1.5.0.2
2024-03-03 19:41:20,041 [WARN] PackLoader:240 - Cannot read IP mode file for STMicroelectronics.FP-ATR-SIGFOX1.3.2.0
2024-03-03 19:41:20,077 [WARN] PackLoader:240 - Cannot read IP mode file for STMicroelectronics.FP-ATR-ASTRA1.2.0.0
2024-03-03 19:41:20,081 [INFO] ThirdParty:978 - Integrity check success = true
2024-03-03 19:41:20,081 [INFO] IntegrityCheckThread:100 - exiting critical section [integrity check]
2024-03-03 19:41:20,081 [INFO] IntegrityCheckThread:103 - End integrity checks thread
2024-03-03 19:41:26,359 [INFO] WebApp:161 - Instantiating new browser for Auth
2024-03-03 19:41:28,209 [INFO] WebApp:780 - Register for checkConnection events
2024-03-03 19:41:28,210 [INFO] WebApp:414 - Apply proxy settings
2024-03-03 19:41:28,210 [INFO] WebApp:499 - Chromium requires no authentication
2024-03-03 19:41:28,238 [INFO] WebApp:442 - Direct internet connection detected
2024-03-03 19:41:28,880 [INFO] WebApp:192 - Starting web application
2024-03-03 19:41:28,880 [INFO] WebApp:544 - Web application path used C:\Users\georg\Desktop\STM32CubeIDE_1.14.1\STM32CubeIDE\plugins\com.st.stm32cube.common.mx_6.10.0.202311202037\db\plugins\mcufinder\reactClient1\index.html
2024-03-03 19:41:51,579 [ERROR] LogOutputStream:75 - [STDERR_REDIRECT] SLF4J: Failed to load class "org.slf4j.impl.StaticLoggerBinder".
2024-03-03 19:41:51,583 [ERROR] LogOutputStream:75 - [STDERR_REDIRECT] SLF4J: Defaulting to no-operation (NOP) logger implementation
2024-03-03 19:41:51,587 [ERROR] LogOutputStream:75 - [STDERR_REDIRECT] SLF4J: See http://www.slf4j.org/codes.html#StaticLoggerBinder for further details.
2024-03-03 20:06:35,578 [ERROR] LogOutputStream:75 - [STDERR_REDIRECT] 
2024-03-03 20:06:35,580 [ERROR] LogOutputStream:75 - [STDERR_REDIRECT] 
