2024-03-05 20:35:48,016 [INFO] Activator:176 - 


2024-03-05 20:35:48,026 [INFO] Activator:177 - !SESSION log4j initialized
2024-03-05 20:35:58,073 [INFO] LogOutputStream:77 - [STDOUT_REDIRECT] 
2024-03-05 20:36:00,207 [INFO] ApplicationProperties:184 - Using Application install path: C:\Users\georg\Desktop\STM32CubeIDE_1.14.1\STM32CubeIDE\plugins\com.st.stm32cube.common.mx_6.10.0.202311202037
2024-03-05 20:36:00,239 [INFO] DbMcusXml:78 - Set database path to: C:\Users\georg\Desktop\STM32CubeIDE_1.14.1\STM32CubeIDE\plugins\com.st.stm32cube.common.mx_6.10.0.202311202037\\db\/mcu/
2024-03-05 20:36:00,240 [INFO] ApiDb:274 - Set plugin database path to: C:\Users\georg\Desktop\STM32CubeIDE_1.14.1\STM32CubeIDE\plugins\com.st.stm32cube.common.mx_6.10.0.202311202037\\db\/plugins/boardmanager/
2024-03-05 20:36:00,240 [WARN] ApiDb:259 - Overriding images path with different value:  => C:\Users\georg\Desktop\STM32CubeIDE_1.14.1\STM32CubeIDE\plugins\com.st.stm32cube.common.mx_6.10.0.202311202037\\db\/plugins/mcufinder/images/
2024-03-05 20:36:00,255 [INFO] ApiDb:250 - Set database path to: C:\Users\georg\.stmcufinder\plugins\mcufinder//mcu/
2024-03-05 20:36:00,256 [INFO] DbMcusAds:125 - Set database path to: C:\Users\georg\.stmcufinder\plugins\mcufinder//mcu/
2024-03-05 20:36:00,259 [INFO] CrossReferenceDbSqlite:203 - Set database path to: C:\Users\georg\.stmcufinder\plugins\mcufinder//mcu/cs/
2024-03-05 20:36:00,516 [INFO] RulesReader:64 - Compatibility file has been processed (297 Rules)
2024-03-05 20:36:00,642 [INFO] DbMcusXml:78 - Set database path to: C:\Users\georg\Desktop\STM32CubeIDE_1.14.1\STM32CubeIDE\plugins\com.st.stm32cube.common.mx_6.10.0.202311202037\\db\/mcu/
2024-03-05 20:36:00,642 [INFO] ApiDb:274 - Set plugin database path to: C:\Users\georg\Desktop\STM32CubeIDE_1.14.1\STM32CubeIDE\plugins\com.st.stm32cube.common.mx_6.10.0.202311202037\\db\/plugins/boardmanager/
2024-03-05 20:36:00,642 [INFO] ApiDb:261 - Set plugin images path to: C:\Users\georg\Desktop\STM32CubeIDE_1.14.1\STM32CubeIDE\plugins\com.st.stm32cube.common.mx_6.10.0.202311202037\\db\/plugins/mcufinder/images/
2024-03-05 20:36:00,642 [WARN] DbFile:41 - Overriding database path with different value: C:\Users\georg\.stmcufinder\plugins\mcufinder/ => C:\Users\georg\.stmcufinder\plugins\mcufinder
2024-03-05 20:36:00,643 [INFO] ApiDb:250 - Set database path to: C:\Users\georg\.stmcufinder\plugins\mcufinder//mcu/
2024-03-05 20:36:00,643 [WARN] DbFile:41 - Overriding database path with different value: C:\Users\georg\.stmcufinder\plugins\mcufinder/ => C:\Users\georg\.stmcufinder\plugins\mcufinder
2024-03-05 20:36:00,643 [INFO] DbMcusAds:125 - Set database path to: C:\Users\georg\.stmcufinder\plugins\mcufinder//mcu/
2024-03-05 20:36:00,643 [WARN] DbFile:41 - Overriding database path with different value: C:\Users\georg\.stmcufinder\plugins\mcufinder/ => C:\Users\georg\.stmcufinder\plugins\mcufinder
2024-03-05 20:36:00,643 [WARN] DbFile:41 - Overriding database path with different value: C:\Users\georg\.stmcufinder\plugins\mcufinder/ => C:\Users\georg\.stmcufinder\plugins\mcufinder
2024-03-05 20:36:00,644 [INFO] CrossReferenceDbSqlite:203 - Set database path to: C:\Users\georg\.stmcufinder\plugins\mcufinder//mcu/cs/
2024-03-05 20:36:00,774 [INFO] MainPanel:264 - HeapMemory: 268435456
2024-03-05 20:36:00,956 [INFO] DbMcusXml:78 - Set database path to: C:\Users\georg\Desktop\STM32CubeIDE_1.14.1\STM32CubeIDE\plugins\com.st.stm32cube.common.mx_6.10.0.202311202037\\db\/mcu/
2024-03-05 20:36:00,957 [INFO] ApiDb:274 - Set plugin database path to: C:\Users\georg\Desktop\STM32CubeIDE_1.14.1\STM32CubeIDE\plugins\com.st.stm32cube.common.mx_6.10.0.202311202037\\db\/plugins/boardmanager/
2024-03-05 20:36:00,957 [INFO] ApiDb:261 - Set plugin images path to: C:\Users\georg\Desktop\STM32CubeIDE_1.14.1\STM32CubeIDE\plugins\com.st.stm32cube.common.mx_6.10.0.202311202037\\db\/plugins/mcufinder/images/
2024-03-05 20:36:00,958 [WARN] DbFile:41 - Overriding database path with different value: C:\Users\georg\.stmcufinder\plugins\mcufinder/ => C:\Users\georg\.stmcufinder\plugins\mcufinder
2024-03-05 20:36:00,958 [INFO] ApiDb:250 - Set database path to: C:\Users\georg\.stmcufinder\plugins\mcufinder//mcu/
2024-03-05 20:36:00,959 [WARN] DbFile:41 - Overriding database path with different value: C:\Users\georg\.stmcufinder\plugins\mcufinder/ => C:\Users\georg\.stmcufinder\plugins\mcufinder
2024-03-05 20:36:00,959 [INFO] DbMcusAds:125 - Set database path to: C:\Users\georg\.stmcufinder\plugins\mcufinder//mcu/
2024-03-05 20:36:00,959 [WARN] DbFile:41 - Overriding database path with different value: C:\Users\georg\.stmcufinder\plugins\mcufinder/ => C:\Users\georg\.stmcufinder\plugins\mcufinder
2024-03-05 20:36:00,959 [WARN] DbFile:41 - Overriding database path with different value: C:\Users\georg\.stmcufinder\plugins\mcufinder/ => C:\Users\georg\.stmcufinder\plugins\mcufinder
2024-03-05 20:36:00,959 [INFO] CrossReferenceDbSqlite:203 - Set database path to: C:\Users\georg\.stmcufinder\plugins\mcufinder//mcu/cs/
2024-03-05 20:36:00,998 [INFO] ApplicationProperties:184 - Using Application install path: C:\Users\georg\Desktop\STM32CubeIDE_1.14.1\STM32CubeIDE\plugins\com.st.stm32cube.common.mx_6.10.0.202311202037
2024-03-05 20:36:01,001 [INFO] PluginManage:196 - Search for loadable plugins [exclusion list=, ]
2024-03-05 20:36:01,003 [INFO] PluginManage:310 - Check plugin analytics
2024-03-05 20:36:01,358 [INFO] AnalyticsPlugin:253 - Accepted Software Licenses: 
2024-03-05 20:36:01,359 [INFO] AnalyticsPlugin:255 - Accepted CMSIS Pack Licenses: 
2024-03-05 20:36:01,359 [INFO] AnalyticsPlugin:257 - Accepted Firmware Licenses: 
2024-03-05 20:36:01,371 [INFO] PluginManage:359 - Loaded plugin analytics (category:tool,tabindex:-1)
2024-03-05 20:36:01,373 [INFO] PluginManage:310 - Check plugin cadmodel
2024-03-05 20:36:01,395 [INFO] CADModel:105 - Init CAD model plugin
2024-03-05 20:36:01,395 [INFO] PluginManage:359 - Loaded plugin cadmodel (category:power,tabindex:5)
2024-03-05 20:36:01,395 [INFO] PluginManage:310 - Check plugin clock
2024-03-05 20:36:01,421 [INFO] PluginManage:359 - Loaded plugin clock (category:base,tabindex:2)
2024-03-05 20:36:01,421 [INFO] PluginManage:310 - Check plugin ddr
2024-03-05 20:36:01,425 [INFO] PluginManage:359 - Loaded plugin ddr (category:tool,tabindex:6)
2024-03-05 20:36:01,425 [INFO] PluginManage:310 - Check plugin filemanager
2024-03-05 20:36:01,670 [INFO] PluginManage:359 - Loaded plugin filemanager (category:base,tabindex:10)
2024-03-05 20:36:01,670 [INFO] PluginManage:310 - Check plugin ipmanager
2024-03-05 20:36:01,681 [INFO] PluginManage:359 - Loaded plugin ipmanager (category:base,tabindex:5)
2024-03-05 20:36:01,682 [INFO] PluginManage:310 - Check plugin lpbam
2024-03-05 20:36:01,718 [INFO] PluginManage:359 - Loaded plugin lpbam (category:base,tabindex:0)
2024-03-05 20:36:01,719 [INFO] PluginManage:310 - Check plugin memorymap
2024-03-05 20:36:01,777 [INFO] PluginManage:359 - Loaded plugin memorymap (category:base,tabindex:4)
2024-03-05 20:36:01,777 [INFO] PluginManage:310 - Check plugin pinoutandconfiguration
2024-03-05 20:36:01,808 [INFO] PluginManage:359 - Loaded plugin pinoutandconfiguration (category:base,tabindex:1)
2024-03-05 20:36:01,809 [INFO] PluginManage:310 - Check plugin pinoutconfig
2024-03-05 20:36:01,986 [WARN] SupportedApi:132 - Cannot load RTOS API schema: s4s-elt-must-match.1: The content of 'definitions' must match (annotation?, (simpleType | complexType)?, (unique | key | keyref)*)). A problem was found starting at: attribute.
2024-03-05 20:36:02,209 [INFO] PluginManage:359 - Loaded plugin pinoutconfig (category:base,tabindex:0)
2024-03-05 20:36:02,209 [INFO] PluginManage:310 - Check plugin power
2024-03-05 20:36:02,238 [INFO] PluginManage:359 - Loaded plugin power (category:power,tabindex:4)
2024-03-05 20:36:02,238 [INFO] PluginManage:310 - Check plugin projectmanager
2024-03-05 20:36:02,260 [INFO] PluginManage:359 - Loaded plugin projectmanager (category:projectmanager,tabindex:3)
2024-03-05 20:36:02,260 [INFO] PluginManage:310 - Check plugin thirdparty
2024-03-05 20:36:02,651 [INFO] PluginManage:359 - Loaded plugin thirdparty (category:base,tabindex:-1)
2024-03-05 20:36:02,651 [WARN] IntegrityCheckThread:84 - waiting for thirdparty lock release [integrity check]
2024-03-05 20:36:02,651 [INFO] PluginManage:310 - Check plugin tools
2024-03-05 20:36:02,651 [INFO] IntegrityCheckThread:86 - entering critical section [integrity check]
2024-03-05 20:36:02,652 [INFO] ThirdPartyUpdaterWithRetryManager:70 - Updater plugin not ready yet. [1/15]
2024-03-05 20:36:02,701 [INFO] PluginManage:359 - Loaded plugin tools (category:base,tabindex:7)
2024-03-05 20:36:02,701 [INFO] PluginManage:310 - Check plugin tutovideos
2024-03-05 20:36:03,037 [INFO] PluginManage:359 - Loaded plugin tutovideos (category:base,tabindex:-1)
2024-03-05 20:36:03,038 [INFO] PluginManage:310 - Check plugin updater
2024-03-05 20:36:03,056 [INFO] PluginManage:359 - Loaded plugin updater (category:base,tabindex:12)
2024-03-05 20:36:03,056 [INFO] PluginManage:310 - Check plugin userauth
2024-03-05 20:36:03,064 [INFO] UserAuth:114 - Init User Auth plugin
2024-03-05 20:36:03,064 [INFO] PluginManage:359 - Loaded plugin userauth (category:base,tabindex:14)
2024-03-05 20:36:03,065 [INFO] PluginManage:283 - PluginManage : Loaded plugins [17]
2024-03-05 20:36:03,444 [INFO] PinOutPanel:1499 - setPackage(No Configuration,No Configuration)
2024-03-05 20:36:03,556 [INFO] CADModel:165 - CPN selected for project level
2024-03-05 20:36:03,556 [INFO] CADModel:114 - Register for checkConnection events
2024-03-05 20:36:03,596 [INFO] IPUIPlugin:80 - create IPUIPlugin
2024-03-05 20:36:03,597 [INFO] PluginManager:220 - loadIPPluginJar : add adc
2024-03-05 20:36:03,661 [INFO] IPUIPlugin:80 - create IPUIPlugin
2024-03-05 20:36:03,661 [INFO] PluginManager:220 - loadIPPluginJar : add aes
2024-03-05 20:36:03,712 [INFO] IPUIPlugin:80 - create IPUIPlugin
2024-03-05 20:36:03,712 [INFO] PluginManager:220 - loadIPPluginJar : add can
2024-03-05 20:36:03,740 [INFO] IPUIPlugin:80 - create IPUIPlugin
2024-03-05 20:36:03,740 [INFO] PluginManager:220 - loadIPPluginJar : add comp
2024-03-05 20:36:03,780 [INFO] IPUIPlugin:80 - create IPUIPlugin
2024-03-05 20:36:03,780 [INFO] PluginManager:220 - loadIPPluginJar : add cryp
2024-03-05 20:36:03,840 [INFO] IPUIPlugin:80 - create IPUIPlugin
2024-03-05 20:36:03,840 [INFO] PluginManager:220 - loadIPPluginJar : add dfsdm
2024-03-05 20:36:03,875 [INFO] IPUIPlugin:80 - create IPUIPlugin
2024-03-05 20:36:03,876 [INFO] PluginManager:220 - loadIPPluginJar : add dma
2024-03-05 20:36:03,940 [INFO] IPUIPlugin:80 - create IPUIPlugin
2024-03-05 20:36:03,941 [INFO] PluginManager:220 - loadIPPluginJar : add dma3
2024-03-05 20:36:03,965 [INFO] IPUIPlugin:80 - create IPUIPlugin
2024-03-05 20:36:03,965 [INFO] PluginManager:220 - loadIPPluginJar : add fatfs
2024-03-05 20:36:04,023 [INFO] IPUIPlugin:80 - create IPUIPlugin
2024-03-05 20:36:04,023 [INFO] PluginManager:220 - loadIPPluginJar : add fmc
2024-03-05 20:36:04,043 [INFO] IPUIPlugin:80 - create IPUIPlugin
2024-03-05 20:36:04,044 [INFO] PluginManager:220 - loadIPPluginJar : add freertos
2024-03-05 20:36:04,069 [INFO] IPUIPlugin:80 - create IPUIPlugin
2024-03-05 20:36:04,069 [INFO] PluginManager:220 - loadIPPluginJar : add genericplugin
2024-03-05 20:36:04,203 [INFO] IPUIPlugin:80 - create IPUIPlugin
2024-03-05 20:36:04,203 [INFO] PluginManager:220 - loadIPPluginJar : add gfxmmu
2024-03-05 20:36:04,407 [INFO] IPUIPlugin:80 - create IPUIPlugin
2024-03-05 20:36:04,407 [INFO] PluginManager:220 - loadIPPluginJar : add gic
2024-03-05 20:36:04,426 [INFO] IPUIPlugin:80 - create IPUIPlugin
2024-03-05 20:36:04,426 [INFO] PluginManager:220 - loadIPPluginJar : add gpio
2024-03-05 20:36:04,583 [INFO] IPUIPlugin:80 - create IPUIPlugin
2024-03-05 20:36:04,583 [INFO] PluginManager:220 - loadIPPluginJar : add gtzc
2024-03-05 20:36:04,622 [INFO] IPUIPlugin:80 - create IPUIPlugin
2024-03-05 20:36:04,622 [INFO] PluginManager:220 - loadIPPluginJar : add hash
2024-03-05 20:36:04,709 [INFO] IPUIPlugin:80 - create IPUIPlugin
2024-03-05 20:36:04,709 [INFO] PluginManager:220 - loadIPPluginJar : add i2c
2024-03-05 20:36:04,756 [INFO] IPUIPlugin:80 - create IPUIPlugin
2024-03-05 20:36:04,756 [INFO] PluginManager:220 - loadIPPluginJar : add i2s
2024-03-05 20:36:04,807 [INFO] IPUIPlugin:80 - create IPUIPlugin
2024-03-05 20:36:04,807 [INFO] PluginManager:220 - loadIPPluginJar : add i3c
2024-03-05 20:36:04,931 [INFO] IPUIPlugin:80 - create IPUIPlugin
2024-03-05 20:36:04,931 [INFO] PluginManager:220 - loadIPPluginJar : add ipddr
2024-03-05 20:36:05,065 [INFO] IPUIPlugin:80 - create IPUIPlugin
2024-03-05 20:36:05,065 [INFO] PluginManager:220 - loadIPPluginJar : add linkedlist
2024-03-05 20:36:05,117 [INFO] IPUIPlugin:80 - create IPUIPlugin
2024-03-05 20:36:05,117 [INFO] PluginManager:220 - loadIPPluginJar : add lorawan
2024-03-05 20:36:05,188 [INFO] IPUIPlugin:80 - create IPUIPlugin
2024-03-05 20:36:05,188 [INFO] PluginManager:220 - loadIPPluginJar : add ltdc
2024-03-05 20:36:05,205 [INFO] IPUIPlugin:80 - create IPUIPlugin
2024-03-05 20:36:05,205 [INFO] PluginManager:220 - loadIPPluginJar : add mdma
2024-03-05 20:36:05,220 [INFO] IPUIPlugin:80 - create IPUIPlugin
2024-03-05 20:36:05,220 [INFO] PluginManager:220 - loadIPPluginJar : add nvic
2024-03-05 20:36:05,267 [INFO] IPUIPlugin:80 - create IPUIPlugin
2024-03-05 20:36:05,267 [INFO] PluginManager:220 - loadIPPluginJar : add opamp
2024-03-05 20:36:05,339 [INFO] IPUIPlugin:80 - create IPUIPlugin
2024-03-05 20:36:05,340 [INFO] PluginManager:220 - loadIPPluginJar : add openamp
2024-03-05 20:36:05,398 [INFO] IPUIPlugin:80 - create IPUIPlugin
2024-03-05 20:36:05,398 [INFO] PluginManager:220 - loadIPPluginJar : add pdm2pcm
2024-03-05 20:36:05,418 [INFO] IPUIPlugin:80 - create IPUIPlugin
2024-03-05 20:36:05,421 [INFO] PluginManager:220 - loadIPPluginJar : add plateformsettings
2024-03-05 20:36:05,448 [INFO] IPUIPlugin:80 - create IPUIPlugin
2024-03-05 20:36:05,448 [INFO] PluginManager:220 - loadIPPluginJar : add quadspi
2024-03-05 20:36:05,466 [INFO] IPUIPlugin:80 - create IPUIPlugin
2024-03-05 20:36:05,466 [INFO] PluginManager:220 - loadIPPluginJar : add resmgrutility
2024-03-05 20:36:05,529 [INFO] IPUIPlugin:80 - create IPUIPlugin
2024-03-05 20:36:05,529 [INFO] PluginManager:220 - loadIPPluginJar : add sai
2024-03-05 20:36:05,593 [INFO] IPUIPlugin:80 - create IPUIPlugin
2024-03-05 20:36:05,593 [INFO] PluginManager:220 - loadIPPluginJar : add spi
2024-03-05 20:36:05,654 [INFO] ThirdPartyUpdaterWithRetryManager:70 - Updater plugin not ready yet. [2/15]
2024-03-05 20:36:05,704 [INFO] IPUIPlugin:80 - create IPUIPlugin
2024-03-05 20:36:05,704 [INFO] PluginManager:220 - loadIPPluginJar : add stm32_wpan
2024-03-05 20:36:05,741 [INFO] IPUIPlugin:80 - create IPUIPlugin
2024-03-05 20:36:05,741 [INFO] PluginManager:220 - loadIPPluginJar : add tim
2024-03-05 20:36:05,830 [INFO] IPUIPlugin:80 - create IPUIPlugin
2024-03-05 20:36:05,831 [INFO] PluginManager:220 - loadIPPluginJar : add touchsensing
2024-03-05 20:36:05,865 [INFO] IPUIPlugin:80 - create IPUIPlugin
2024-03-05 20:36:05,865 [INFO] PluginManager:220 - loadIPPluginJar : add tracer_emb
2024-03-05 20:36:05,908 [INFO] IPUIPlugin:80 - create IPUIPlugin
2024-03-05 20:36:05,909 [INFO] PluginManager:220 - loadIPPluginJar : add ts
2024-03-05 20:36:05,938 [INFO] IPUIPlugin:80 - create IPUIPlugin
2024-03-05 20:36:05,938 [INFO] PluginManager:220 - loadIPPluginJar : add tsc
2024-03-05 20:36:05,987 [INFO] IPUIPlugin:80 - create IPUIPlugin
2024-03-05 20:36:05,987 [INFO] PluginManager:220 - loadIPPluginJar : add ucpd
2024-03-05 20:36:06,055 [INFO] IPUIPlugin:80 - create IPUIPlugin
2024-03-05 20:36:06,055 [INFO] PluginManager:220 - loadIPPluginJar : add usart
2024-03-05 20:36:06,116 [INFO] IPUIPlugin:80 - create IPUIPlugin
2024-03-05 20:36:06,116 [INFO] PluginManager:220 - loadIPPluginJar : add usbx
2024-03-05 20:36:06,268 [INFO] CADModel:165 - CPN selected for project level
2024-03-05 20:36:06,269 [INFO] CADModel:114 - Register for checkConnection events
2024-03-05 20:36:06,269 [FATAL] Updater:308 - Updater called before beeing initialized
2024-03-05 20:36:06,270 [ERROR] CADModel:125 - Updater not yet initialized, retry later 
2024-03-05 20:36:06,576 [INFO] CADModel:165 - CPN selected for project level
2024-03-05 20:36:06,576 [INFO] CADModel:114 - Register for checkConnection events
2024-03-05 20:36:06,576 [FATAL] Updater:308 - Updater called before beeing initialized
2024-03-05 20:36:06,576 [ERROR] CADModel:125 - Updater not yet initialized, retry later 
2024-03-05 20:36:06,581 [FATAL] Updater:308 - Updater called before beeing initialized
2024-03-05 20:36:06,781 [FATAL] Updater:308 - Updater called before beeing initialized
2024-03-05 20:36:06,795 [INFO] DbMcusAds:53 - JSON generation date=Wed Nov 29 21:52:27 AEDT 2023 (1701255147349)
2024-03-05 20:36:06,795 [FATAL] Updater:308 - Updater called before beeing initialized
2024-03-05 20:36:06,972 [WARN] DetailPanel:346 - Failed to get advertising image, set to default
2024-03-05 20:36:07,114 [FATAL] Updater:308 - Updater called before beeing initialized
2024-03-05 20:36:07,118 [FATAL] Updater:308 - Updater called before beeing initialized
2024-03-05 20:36:07,118 [FATAL] Updater:308 - Updater called before beeing initialized
2024-03-05 20:36:07,118 [WARN] DetailPanel:346 - Failed to get advertising image, set to default
2024-03-05 20:36:07,119 [FATAL] Updater:308 - Updater called before beeing initialized
2024-03-05 20:36:07,237 [ERROR] Updater:1120 - MainUpdater not yet initialized. External WinMGr cannot be set.
2024-03-05 20:36:07,260 [INFO] Updater:1056 - Updater Version found : 6.10.0
2024-03-05 20:36:07,291 [INFO] ApplicationProperties:184 - Using Application install path: C:\Users\georg\Desktop\STM32CubeIDE_1.14.1\STM32CubeIDE\plugins\com.st.stm32cube.common.mx_6.10.0.202311202037
2024-03-05 20:36:08,656 [INFO] ThirdPartyUpdaterWithRetryManager:70 - Updater plugin not ready yet. [3/15]
2024-03-05 20:36:08,892 [ERROR] LogOutputStream:75 - [STDERR_REDIRECT] Mar 05, 2024 8:36:08 PM java.util.prefs.WindowsPreferences <init>
2024-03-05 20:36:08,896 [ERROR] LogOutputStream:75 - [STDERR_REDIRECT] WARNING: Could not open/create prefs root node Software\JavaSoft\Prefs at root 0xffffffff80000002. Windows RegCreateKeyEx(...) returned error code 5.
2024-03-05 20:36:08,896 [ERROR] LogOutputStream:75 - [STDERR_REDIRECT] 
2024-03-05 20:36:09,297 [INFO] MainUpdater:2873 - connection check result : 10
2024-03-05 20:36:09,297 [INFO] MainUpdater:3567 - Updater definition file requires update
2024-03-05 20:36:09,299 [INFO] MainUpdater:290 - Updater Check For Update Now.
2024-03-05 20:36:09,300 [INFO] MicroXplorer:498 - Change Database Version : DB.6.0.100
2024-03-05 20:36:09,329 [INFO] McuFinderGlobals:63 - Set McuFinder mode to 2 (CubeIDE integrated)
2024-03-05 20:36:09,330 [INFO] UserAuth:180 - activating auth plugin
2024-03-05 20:36:09,334 [INFO] UserAuth:404 - Internet connection configuration mode: 1
2024-03-05 20:36:09,367 [INFO] JxBrowserEngine:152 - Initiate JxBrowser Engine with user profile folder
2024-03-05 20:36:09,376 [INFO] ServerAccessManage:473 - Download File updaters.zip
2024-03-05 20:36:09,513 [INFO] FileExtend:240 - Unzip File : updaters.zip
2024-03-05 20:36:09,513 [INFO] FileExtend:255 - Standard Zip Deflate
2024-03-05 20:36:10,229 [INFO] ServerAccessManage:473 - Download File PacksControlFlags.xml
2024-03-05 20:36:10,391 [INFO] ServerAccessManage:473 - Download File cubemx.pidx
2024-03-05 20:36:11,658 [WARN] MainUpdater:1194 - Updater busy. Cannot search thirdparties
2024-03-05 20:36:11,658 [INFO] ThirdPartyUpdaterWithRetryManager:96 - Updater plugin is busy. [1/15]
2024-03-05 20:36:12,411 [INFO] ServerAccessManage:473 - Download File STMicroelectronics.FP-SNS-MOTENV1.pdsc
2024-03-05 20:36:14,659 [WARN] MainUpdater:1194 - Updater busy. Cannot search thirdparties
2024-03-05 20:36:14,659 [INFO] ThirdPartyUpdaterWithRetryManager:96 - Updater plugin is busy. [2/15]
2024-03-05 20:36:15,316 [INFO] WebApp:161 - Instantiating new browser for Auth
2024-03-05 20:36:16,384 [INFO] WebApp:780 - Register for checkConnection events
2024-03-05 20:36:16,384 [INFO] WebApp:414 - Apply proxy settings
2024-03-05 20:36:16,384 [INFO] WebApp:499 - Chromium requires no authentication
2024-03-05 20:36:16,397 [INFO] WebApp:442 - Direct internet connection detected
2024-03-05 20:36:16,720 [INFO] WebApp:192 - Starting web application
2024-03-05 20:36:16,721 [INFO] WebApp:544 - Web application path used C:\Users\georg\Desktop\STM32CubeIDE_1.14.1\STM32CubeIDE\plugins\com.st.stm32cube.common.mx_6.10.0.202311202037\db\plugins\mcufinder\reactClient1\index.html
2024-03-05 20:36:17,662 [WARN] MainUpdater:1194 - Updater busy. Cannot search thirdparties
2024-03-05 20:36:17,662 [INFO] ThirdPartyUpdaterWithRetryManager:96 - Updater plugin is busy. [3/15]
2024-03-05 20:36:18,144 [INFO] ServerAccessManage:473 - Download File STMicroelectronics.FP-SNS-MOTENVWB1.pdsc
2024-03-05 20:36:20,664 [WARN] MainUpdater:1194 - Updater busy. Cannot search thirdparties
2024-03-05 20:36:20,664 [INFO] ThirdPartyUpdaterWithRetryManager:96 - Updater plugin is busy. [4/15]
2024-03-05 20:36:21,839 [INFO] ServerAccessManage:473 - Download File STMicroelectronics.FP-SNS-SMARTAG2.pdsc
2024-03-05 20:36:23,665 [WARN] MainUpdater:1194 - Updater busy. Cannot search thirdparties
2024-03-05 20:36:23,665 [INFO] ThirdPartyUpdaterWithRetryManager:96 - Updater plugin is busy. [5/15]
2024-03-05 20:36:24,554 [INFO] ServerAccessManage:473 - Download File STMicroelectronics.X-CUBE-AI.pdsc
2024-03-05 20:36:26,667 [WARN] MainUpdater:1194 - Updater busy. Cannot search thirdparties
2024-03-05 20:36:26,667 [INFO] ThirdPartyUpdaterWithRetryManager:96 - Updater plugin is busy. [6/15]
2024-03-05 20:36:29,668 [WARN] MainUpdater:1194 - Updater busy. Cannot search thirdparties
2024-03-05 20:36:29,668 [INFO] ThirdPartyUpdaterWithRetryManager:96 - Updater plugin is busy. [7/15]
2024-03-05 20:36:32,670 [WARN] MainUpdater:1194 - Updater busy. Cannot search thirdparties
2024-03-05 20:36:32,670 [INFO] ThirdPartyUpdaterWithRetryManager:96 - Updater plugin is busy. [8/15]
2024-03-05 20:36:35,672 [WARN] MainUpdater:1194 - Updater busy. Cannot search thirdparties
2024-03-05 20:36:35,672 [INFO] ThirdPartyUpdaterWithRetryManager:96 - Updater plugin is busy. [9/15]
2024-03-05 20:36:38,475 [ERROR] LogOutputStream:75 - [STDERR_REDIRECT] SLF4J: Failed to load class "org.slf4j.impl.StaticLoggerBinder".
2024-03-05 20:36:38,477 [ERROR] LogOutputStream:75 - [STDERR_REDIRECT] SLF4J: Defaulting to no-operation (NOP) logger implementation
2024-03-05 20:36:38,478 [ERROR] LogOutputStream:75 - [STDERR_REDIRECT] SLF4J: See http://www.slf4j.org/codes.html#StaticLoggerBinder for further details.
2024-03-05 20:36:38,672 [WARN] MainUpdater:1194 - Updater busy. Cannot search thirdparties
2024-03-05 20:36:38,672 [INFO] ThirdPartyUpdaterWithRetryManager:96 - Updater plugin is busy. [10/15]
2024-03-05 20:36:41,674 [WARN] MainUpdater:1194 - Updater busy. Cannot search thirdparties
2024-03-05 20:36:41,675 [INFO] ThirdPartyUpdaterWithRetryManager:96 - Updater plugin is busy. [11/15]
2024-03-05 20:36:44,675 [WARN] MainUpdater:1194 - Updater busy. Cannot search thirdparties
2024-03-05 20:36:44,675 [INFO] ThirdPartyUpdaterWithRetryManager:96 - Updater plugin is busy. [12/15]
2024-03-05 20:36:45,266 [INFO] ServerAccessManage:473 - Download File STMicroelectronics.X-CUBE-ALS.pdsc
2024-03-05 20:36:47,679 [WARN] MainUpdater:1194 - Updater busy. Cannot search thirdparties
2024-03-05 20:36:47,679 [INFO] ThirdPartyUpdaterWithRetryManager:96 - Updater plugin is busy. [13/15]
2024-03-05 20:36:49,472 [INFO] ServerAccessManage:473 - Download File STMicroelectronics.X-CUBE-BLE1.pdsc
2024-03-05 20:36:50,680 [WARN] MainUpdater:1194 - Updater busy. Cannot search thirdparties
2024-03-05 20:36:50,680 [INFO] ThirdPartyUpdaterWithRetryManager:96 - Updater plugin is busy. [14/15]
2024-03-05 20:36:53,682 [WARN] MainUpdater:1194 - Updater busy. Cannot search thirdparties
2024-03-05 20:36:53,682 [INFO] ThirdPartyUpdaterWithRetryManager:96 - Updater plugin is busy. [15/15]
2024-03-05 20:36:53,683 [ERROR] IntegrityCheckThread:130 - Cannot retrieve database content from updater: error -1
2024-03-05 20:36:53,683 [INFO] ThirdParty:978 - Integrity check success = false
2024-03-05 20:36:53,683 [INFO] IntegrityCheckThread:100 - exiting critical section [integrity check]
2024-03-05 20:36:53,683 [INFO] IntegrityCheckThread:103 - End integrity checks thread
2024-03-05 20:37:04,168 [ERROR] ServerAccessManage:1089 - Problem, file not found on Server
2024-03-05 20:37:05,402 [INFO] ServerAccessManage:473 - Download File STMicroelectronics.X-CUBE-BLE2.pdsc
2024-03-05 20:37:15,130 [INFO] ServerAccessManage:473 - Download File STMicroelectronics.X-CUBE-BLEMGR.pdsc
2024-03-05 20:37:16,546 [INFO] ServerAccessManage:473 - Download File STMicroelectronics.X-CUBE-DISPLAY.pdsc
2024-03-05 20:37:24,240 [INFO] ServerAccessManage:473 - Download File STMicroelectronics.X-CUBE-EEPRMA1.pdsc
2024-03-05 20:37:26,960 [ERROR] ServerAccessManage:1089 - Problem, file not found on Server
2024-03-05 20:37:30,265 [ERROR] ServerAccessManage:1089 - Problem, file not found on Server
2024-03-05 20:37:35,605 [INFO] ServerAccessManage:473 - Download File STMicroelectronics.X-CUBE-FREERTOS.pdsc
2024-03-05 20:37:40,025 [INFO] ServerAccessManage:473 - Download File STMicroelectronics.X-CUBE-GNSS1.pdsc
2024-03-05 20:37:50,921 [ERROR] ServerAccessManage:1089 - Problem, file not found on Server
2024-03-05 20:37:51,959 [ERROR] ServerAccessManage:1089 - Problem, file not found on Server
2024-03-05 20:37:53,173 [ERROR] ServerAccessManage:1089 - Problem, file not found on Server
2024-03-05 20:37:54,301 [ERROR] ServerAccessManage:1089 - Problem, file not found on Server
2024-03-05 20:37:55,600 [ERROR] ServerAccessManage:1089 - Problem, file not found on Server
2024-03-05 20:37:56,907 [ERROR] ServerAccessManage:1089 - Problem, file not found on Server
2024-03-05 20:37:57,988 [INFO] ServerAccessManage:473 - Download File STMicroelectronics.X-CUBE-ISPU.pdsc
2024-03-05 20:38:02,929 [INFO] ServerAccessManage:473 - Download File STMicroelectronics.X-CUBE-MEMS1.pdsc
2024-03-05 20:38:30,654 [INFO] ServerAccessManage:473 - Download File STMicroelectronics.X-CUBE-NFC4.pdsc
2024-03-05 20:38:47,344 [INFO] ServerAccessManage:473 - Download File STMicroelectronics.X-CUBE-NFC6.pdsc
2024-03-05 20:38:49,544 [INFO] ServerAccessManage:473 - Download File STMicroelectronics.X-CUBE-NFC7.pdsc
2024-03-05 20:38:53,082 [INFO] ServerAccessManage:473 - Download File STMicroelectronics.X-CUBE-SFXS2LP1.pdsc
2024-03-05 20:38:58,726 [INFO] ServerAccessManage:473 - Download File STMicroelectronics.X-CUBE-SUBG2.pdsc
2024-03-05 20:39:00,088 [INFO] McuFinderGlobals:63 - Set McuFinder mode to 2 (CubeIDE integrated)
2024-03-05 20:39:09,532 [INFO] ServerAccessManage:473 - Download File STMicroelectronics.X-CUBE-SMBUS.pdsc
2024-03-05 20:39:11,819 [ERROR] ServerAccessManage:1089 - Problem, file not found on Server
2024-03-05 20:39:11,881 [INFO] ServerAccessManage:473 - Download File STMicroelectronics.X-CUBE-TOF1.pdsc
2024-03-05 20:39:13,355 [ERROR] ServerAccessManage:1089 - Problem, file not found on Server
2024-03-05 20:39:14,585 [INFO] ServerAccessManage:473 - Download File STMicroelectronics.X-CUBE-TOUCHGFX.pdsc
2024-03-05 20:39:20,161 [INFO] MainUpdater:2873 - connection check result : 10
2024-03-05 20:39:36,266 [INFO] ServerAccessManage:473 - Download File STMicroelectronics.X-CUBE-ALGOBUILD.pdsc
2024-03-05 20:39:40,998 [INFO] ApiDb:581 - Connected to CubeFinder SQLite database (C:\Users\georg\.stmcufinder\plugins\mcufinder\mcu\cube-finder-db.db)
2024-03-05 20:39:41,136 [INFO] ApiDb:668 - CubeFinder database Data Model version=2.1
2024-03-05 20:39:41,136 [INFO] ApiDb:669 - CubeFinder database Configuration version=3.0.39
2024-03-05 20:39:41,137 [INFO] ApiDb:670 - CubeFinder database generation date=2024-02-20 (1708350410)
2024-03-05 20:39:41,137 [INFO] ApiDb:671 - CubeFinder database FW Pack versions=[FP-ATR-ASTRA1_V2.0.0, FP-SNS-FLIGHT1_V5.0.1, FP-SNS-FLIGHT1_V5.0.2, FP-SNS-MOTENV1_V4.3.1, FP-SNS-MOTENV1_V4.3.2, FP-SNS-MOTENVWB1_V1.3.1, FP-SNS-SMARTAG2_V1.2.0, STM32Cube_FW_C0_V1.1.0, STM32Cube_FW_F4_V1.28.0, STM32Cube_FW_F7_V1.17.0, STM32Cube_FW_G0_V1.6.2, STM32Cube_FW_G4_V1.5.2, STM32Cube_FW_H5_V0.5.1, STM32Cube_FW_H5_V1.1.1, STM32Cube_FW_H5_V1.2.0RC2, STM32Cube_FW_H7_V1.11.0, STM32Cube_FW_L0_V1.12.2, STM32Cube_FW_L5_V1.5.0, STM32Cube_FW_U5_V1.3.0RC4, STM32Cube_FW_U5_V1.4.0, STM32Cube_FW_WBA_V1.0.0RC1, STM32Cube_FW_WBA_V1.1.0RC1, STM32Cube_FW_WBA_V1.2.0, STM32Cube_FW_WBA_V1.2.0RC2, STM32Cube_FW_WB_V1.15.0RC1, STM32Cube_FW_WB_V1.16.0, STM32Cube_FW_WB_V1.16.0RC2, STM32Cube_FW_WB_V1.18.0, STM32Cube_FW_WL_V1.3.0, X-CUBE-ALGOBUILD_V1.3.0, X-CUBE-ALS_V1.0.1, X-CUBE-AZRTOS-F4_V1.1.0, X-CUBE-AZRTOS-F7_V1.1.0, X-CUBE-AZRTOS-G0_V1.1.0, X-CUBE-AZRTOS-G4_V2.0.0, X-CUBE-AZRTOS-H7_V3.2.0, X-CUBE-AZRTOS-L4_V1.0.0, X-CUBE-AZRTOS-L4_V2.0.0, X-CUBE-AZRTOS-L5_V1.1.0, X-CUBE-AZRTOS-WB_V2.0.0, X-CUBE-AZRTOS-WL_V2.0.0, X-CUBE-BLE1_V7.0.0, X-CUBE-BLE2_V3.3.0, X-CUBE-BLEMGR_V3.0.0, X-CUBE-EEPRMA1_V4.1.0, X-CUBE-EEPRMA1_V5.1.0, X-CUBE-FREERTOS_V1.1.0, X-CUBE-GNSS1_V6.0.0, X-CUBE-MEMS1_V10.0.0, X-CUBE-MEMS1_V9.1.0, X-CUBE-MEMS1_V9.4.0, X-CUBE-MEMS1_V9.6.0, X-CUBE-NFC4_V3.0.0, X-CUBE-NFC7_V1.0.1, X-CUBE-SFXS2LP1_V4.0.0, X-CUBE-SUBG2_V5.0.0, X-CUBE-TOF1_V3.4.0]
2024-03-05 20:39:41,399 [INFO] DbBoardsSqlite:226 - include board P-NUCLEO-WB55-NUCLEO as a kit item of type 'Nucleo-64'
2024-03-05 20:39:41,399 [INFO] DbBoardsSqlite:226 - include board P-NUCLEO-WB55-USBDONGLE as a kit item of type 'Nucleo USB Dongle'
2024-03-05 20:39:41,402 [INFO] DbBoardsSqlite:226 - include board STEVAL-IDP005V1 as a kit item of type 'Evaluation Board'
2024-03-05 20:39:41,403 [INFO] DbBoardsSqlite:226 - include board STEVAL-IDP005V2 as a kit item of type 'Evaluation Board'
2024-03-05 20:39:42,373 [INFO] ApiDb:240 - Found 371 in-development CPN: [B-G473E-ZEST1S, B-WB1M-WPAN1, B-WL5M-SUBG1, NUCLEO-C031C6, NUCLEO-H503RB, NUCLEO-H563ZI, NUCLEO-U545RE-Q, NUCLEO-U5A5ZJ-Q, NUCLEO-WBA52CG, NUCLEO-WBA55CG, STEVAL-MKBOXPRO, STEVAL-PROTEUS1, STEVAL-STWINBX1, STM320518-EVAL, STM32C0116-DK, STM32C011D6Y3TR, STM32C011D6Y6TR, STM32C011F4P3, STM32C011F4P6, STM32C011F4U3, STM32C011F4U6TR, STM32C011F6P3, STM32C011F6P6, STM32C011F6U3, STM32C011F6U6TR, STM32C011J4M3, STM32C011J4M6, STM32C011J6M3, STM32C011J6M6, STM32C0316-DK, STM32C031C4T3, STM32C031C4T6, STM32C031C4U3, STM32C031C4U6, STM32C031C6T3, STM32C031C6T6, STM32C031C6U3, STM32C031C6U6, STM32C031F4P3, STM32C031F4P6, STM32C031F6P3, STM32C031F6P6, STM32C031G4U3, STM32C031G4U6, STM32C031G6U3, STM32C031G6U6, STM32C031K4T3, STM32C031K4T6, STM32C031K4U3, STM32C031K4U6, STM32C031K6T3, STM32C031K6T6, STM32C031K6U3, STM32C031K6U6, STM32G071K8TXN, STM32G071K8UXN, STM32G081GBU6N, STM32G081KBT6N, STM32G081KBUXN, STM32G0B1CCT6N, STM32G0B1KCT6, STM32G0B1NEY6TR, STM32G0B1RCT6N, STM32G0C1CCT6, STM32G0C1CCT6N, STM32G0C1CCU6N, STM32G0C1CET6N, STM32G0C1CEU6N, STM32G0C1KCT6, STM32G0C1NEY6TR, STM32G0C1RCI6N, STM32G0C1RCT6N, STM32G0C1REI6N, STM32G0C1RET6N, STM32G0C1VCI6, STM32G0C1VEI6, STM32G471CCT6, STM32G471CCU6, STM32G471CET3, STM32G471CET6, STM32G471CEU3, STM32G471CEU6, STM32G471MCT6, STM32G471MET3, STM32G471MET6, STM32G471MEY6TR, STM32G471QCT6, STM32G471QET3, STM32G471RCT6, STM32G471RET3, STM32G471RET6, STM32G471VCH6, STM32G471VCI6, STM32G471VCT6, STM32G471VEH3, STM32G471VEH6, STM32G471VEI3, STM32G471VEI6, STM32G471VET3, STM32G471VET6, STM32G474CCT6, STM32H503CBT6, STM32H503CBU6, STM32H503EBY6TR, STM32H503KBU6, STM32H503RBT6, STM32H562AGI6, STM32H562AII6, STM32H562IGK6, STM32H562IGT6, STM32H562IIK6, STM32H562IIT6, STM32H562RGT6, STM32H562RGV6, STM32H562RIT6, STM32H562RIV6, STM32H562VGT6, STM32H562VIT6, STM32H562ZGT6, STM32H562ZIT6, STM32H563AGI6, STM32H563AII3Q, STM32H563AII6, STM32H563IGK6, STM32H563IGT6, STM32H563IIK3Q, STM32H563IIK6, STM32H563IIT3Q, STM32H563IIT6, STM32H563MIY3QTR, STM32H563RGT6, STM32H563RGV6, STM32H563RIT6, STM32H563RIV6, STM32H563VGT6, STM32H563VIT3Q, STM32H563VIT6, STM32H563ZGT6, STM32H563ZIT3Q, STM32H563ZIT6, STM32H573AII3Q, STM32H573AII6, STM32H573I-DK, STM32H573IIK3Q, STM32H573IIK6, STM32H573IIT3Q, STM32H573IIT6, STM32H573MIY3QTR, STM32H573RIT6, STM32H573RIV6, STM32H573VIT3Q, STM32H573VIT6, STM32H573ZIT3Q, STM32H573ZIT6, STM32L4R5QGI6STR, STM32MP131AAE3, STM32MP131AAF3, STM32MP131AAG3, STM32MP131CAE3, STM32MP131CAF3, STM32MP131CAG3, STM32MP131DAE7, STM32MP131DAF7, STM32MP131DAG7, STM32MP131FAE7, STM32MP131FAF7, STM32MP131FAG7, STM32MP133AAE3, STM32MP133AAF3, STM32MP133AAG3, STM32MP133CAE3, STM32MP133CAF3, STM32MP133CAG3, STM32MP133DAE7, STM32MP133DAF7, STM32MP133DAG7, STM32MP133FAE7, STM32MP133FAF7, STM32MP133FAG7, STM32MP135AAE3, STM32MP135AAF3, STM32MP135AAG3, STM32MP135CAE3, STM32MP135CAF3, STM32MP135CAG3, STM32MP135DAE7, STM32MP135DAF7, STM32MP135DAG7, STM32MP135F-DK, STM32MP135FAE7, STM32MP135FAF7, STM32MP135FAF7T, STM32MP135FAF7U, STM32MP135FAG7, STM32U535CBT6, STM32U535CBT6Q, STM32U535CBU6, STM32U535CBU6Q, STM32U535CCT6, STM32U535CCT6Q, STM32U535CCU6, STM32U535CCU6Q, STM32U535CET6, STM32U535CET6Q, STM32U535CEU6, STM32U535CEU6Q, STM32U535JEY6QTR, STM32U535NCY6QTR, STM32U535NEY6QTR, STM32U535RBI6, STM32U535RBI6Q, STM32U535RBT6, STM32U535RBT6Q, STM32U535RCI6, STM32U535RCI6Q, STM32U535RCT6, STM32U535RCT6Q, STM32U535REI6, STM32U535REI6Q, STM32U535RET6, STM32U535RET6Q, STM32U535VCI6, STM32U535VCI6Q, STM32U535VCT6, STM32U535VCT6Q, STM32U535VEI6, STM32U535VEI6Q, STM32U535VET6, STM32U535VET6Q, STM32U545CET6, STM32U545CET6Q, STM32U545CEU6, STM32U545CEU6Q, STM32U545JEY6QTR, STM32U545NEY6QTR, STM32U545REI6, STM32U545REI6Q, STM32U545RET6, STM32U545RET6Q, STM32U545VEI6, STM32U545VEI6Q, STM32U545VET6, STM32U545VET6Q, STM32U595AIH6, STM32U595AIH6Q, STM32U595AJH6, STM32U595AJH6Q, STM32U595QII6, STM32U595QII6Q, STM32U595QJI6, STM32U595QJI6Q, STM32U595RIT6, STM32U595RIT6Q, STM32U595RJT6, STM32U595RJT6Q, STM32U595VIT6, STM32U595VIT6Q, STM32U595VJT6, STM32U595VJT6Q, STM32U595ZIT6, STM32U595ZIT6Q, STM32U595ZIY6QTR, STM32U595ZJT6, STM32U595ZJT6Q, STM32U595ZJY6QTR, STM32U599BJY6QTR, STM32U599NIH6Q, STM32U599NJH6Q, STM32U599VIT6Q, STM32U599VJT6, STM32U599VJT6Q, STM32U599ZIT6Q, STM32U599ZIY6QTR, STM32U599ZJT6Q, STM32U599ZJY6QTR, STM32U5A5AJH6, STM32U5A5AJH6Q, STM32U5A5QJI6, STM32U5A5QJI6Q, STM32U5A5RJT6, STM32U5A5RJT6Q, STM32U5A5VJT6, STM32U5A5VJT6Q, STM32U5A5ZJT6, STM32U5A5ZJT6Q, STM32U5A5ZJY6QTR, STM32U5A9BJY6QTR, STM32U5A9J-DK, STM32U5A9NJH6Q, STM32U5A9VJT6Q, STM32U5A9ZJT6Q, STM32U5A9ZJY6QTR, STM32U5F7VIT6, STM32U5F7VIT6Q, STM32U5F7VJT6, STM32U5F7VJT6Q, STM32U5F9BJY6QTR, STM32U5F9NJH6Q, STM32U5F9VIT6Q, STM32U5F9VJT6Q, STM32U5F9ZIJ6QTR, STM32U5F9ZIT6Q, STM32U5F9ZJJ6QTR, STM32U5F9ZJT6Q, STM32U5G7VJT6, STM32U5G7VJT6Q, STM32U5G9BJY6QTR, STM32U5G9J-DK1, STM32U5G9J-DK2, STM32U5G9NJH6Q, STM32U5G9VJT6Q, STM32U5G9ZJJ6QTR, STM32U5G9ZJT6Q, STM32WB1MMCH6, STM32WBA50KEU6, STM32WBA50KEU6TR, STM32WBA50KGU6, STM32WBA50KGU6TR, STM32WBA52CEU6, STM32WBA52CEU6TR, STM32WBA52CEU7, STM32WBA52CEU7TR, STM32WBA52CGU6, STM32WBA52CGU6TR, STM32WBA52CGU6U, STM32WBA52CGU7, STM32WBA52CGU7TR, STM32WBA52KEU6, STM32WBA52KEU6TR, STM32WBA52KGU6, STM32WBA52KGU6TR, STM32WBA54CEU6, STM32WBA54CEU6TR, STM32WBA54CEU7, STM32WBA54CEU7TR, STM32WBA54CGU6, STM32WBA54CGU6TR, STM32WBA54CGU7, STM32WBA54CGU7TR, STM32WBA54KEU6, STM32WBA54KEU6TR, STM32WBA54KEU7, STM32WBA54KEU7TR, STM32WBA54KGU6, STM32WBA54KGU6TR, STM32WBA54KGU7, STM32WBA54KGU7TR, STM32WBA55CEU6, STM32WBA55CEU6TR, STM32WBA55CEU7, STM32WBA55CEU7TR, STM32WBA55CGU6, STM32WBA55CGU6TR, STM32WBA55CGU6U, STM32WBA55CGU7, STM32WBA55CGU7TR, STM32WBA55G-DK1, STM32WBA55HEF6, STM32WBA55HEF7, STM32WBA55HGF6, STM32WBA55HGF7, STM32WBA55UEI6, STM32WBA55UEI6TR, STM32WBA55UEI7, STM32WBA55UEI7TR, STM32WBA55UGI6, STM32WBA55UGI6TR, STM32WBA55UGI7, STM32WBA55UGI7TR, STM32WL5MOCH6, STM32WL5MOCH6TR]
2024-03-05 20:39:42,623 [INFO] BoardInfo:889 - No configuration file found for board P-NUCLEO-WB55
2024-03-05 20:39:42,624 [INFO] DbBoards:161 - Kit is not supported: P-NUCLEO-WB55
2024-03-05 20:39:42,632 [INFO] BoardInfo:889 - No configuration file found for board STEVAL-BFA001V1B
2024-03-05 20:39:42,633 [INFO] DbBoards:161 - Kit is not supported: STEVAL-BFA001V1B
2024-03-05 20:39:42,635 [INFO] BoardInfo:889 - No configuration file found for board STEVAL-BFA001V2B
2024-03-05 20:39:42,636 [INFO] DbBoards:161 - Kit is not supported: STEVAL-BFA001V2B
2024-03-05 20:39:42,833 [INFO] DbBoards:168 - Found 193 boards, 190 are supported
2024-03-05 20:39:42,834 [INFO] DbBoards:169 - Found 193 boards, 3 of them is supported for  Bsp
2024-03-05 20:39:42,838 [INFO] ApiDb:668 - CubeFinder database Data Model version=2.1
2024-03-05 20:39:42,838 [INFO] ApiDb:669 - CubeFinder database Configuration version=3.0.39
2024-03-05 20:39:42,838 [INFO] ApiDb:670 - CubeFinder database generation date=2024-02-20 (1708350410)
2024-03-05 20:39:42,838 [INFO] ApiDb:671 - CubeFinder database FW Pack versions=[FP-ATR-ASTRA1_V2.0.0, FP-SNS-FLIGHT1_V5.0.1, FP-SNS-FLIGHT1_V5.0.2, FP-SNS-MOTENV1_V4.3.1, FP-SNS-MOTENV1_V4.3.2, FP-SNS-MOTENVWB1_V1.3.1, FP-SNS-SMARTAG2_V1.2.0, STM32Cube_FW_C0_V1.1.0, STM32Cube_FW_F4_V1.28.0, STM32Cube_FW_F7_V1.17.0, STM32Cube_FW_G0_V1.6.2, STM32Cube_FW_G4_V1.5.2, STM32Cube_FW_H5_V0.5.1, STM32Cube_FW_H5_V1.1.1, STM32Cube_FW_H5_V1.2.0RC2, STM32Cube_FW_H7_V1.11.0, STM32Cube_FW_L0_V1.12.2, STM32Cube_FW_L5_V1.5.0, STM32Cube_FW_U5_V1.3.0RC4, STM32Cube_FW_U5_V1.4.0, STM32Cube_FW_WBA_V1.0.0RC1, STM32Cube_FW_WBA_V1.1.0RC1, STM32Cube_FW_WBA_V1.2.0, STM32Cube_FW_WBA_V1.2.0RC2, STM32Cube_FW_WB_V1.15.0RC1, STM32Cube_FW_WB_V1.16.0, STM32Cube_FW_WB_V1.16.0RC2, STM32Cube_FW_WB_V1.18.0, STM32Cube_FW_WL_V1.3.0, X-CUBE-ALGOBUILD_V1.3.0, X-CUBE-ALS_V1.0.1, X-CUBE-AZRTOS-F4_V1.1.0, X-CUBE-AZRTOS-F7_V1.1.0, X-CUBE-AZRTOS-G0_V1.1.0, X-CUBE-AZRTOS-G4_V2.0.0, X-CUBE-AZRTOS-H7_V3.2.0, X-CUBE-AZRTOS-L4_V1.0.0, X-CUBE-AZRTOS-L4_V2.0.0, X-CUBE-AZRTOS-L5_V1.1.0, X-CUBE-AZRTOS-WB_V2.0.0, X-CUBE-AZRTOS-WL_V2.0.0, X-CUBE-BLE1_V7.0.0, X-CUBE-BLE2_V3.3.0, X-CUBE-BLEMGR_V3.0.0, X-CUBE-EEPRMA1_V4.1.0, X-CUBE-EEPRMA1_V5.1.0, X-CUBE-FREERTOS_V1.1.0, X-CUBE-GNSS1_V6.0.0, X-CUBE-MEMS1_V10.0.0, X-CUBE-MEMS1_V9.1.0, X-CUBE-MEMS1_V9.4.0, X-CUBE-MEMS1_V9.6.0, X-CUBE-NFC4_V3.0.0, X-CUBE-NFC7_V1.0.1, X-CUBE-SFXS2LP1_V4.0.0, X-CUBE-SUBG2_V5.0.0, X-CUBE-TOF1_V3.4.0]
2024-03-05 20:39:43,314 [INFO] ServerAccessManage:473 - Download File STMicroelectronics.X-CUBE-AZRTOS-H7.pdsc
2024-03-05 20:39:45,611 [INFO] ApiDb:240 - Found 371 in-development CPN: [B-G473E-ZEST1S, B-WB1M-WPAN1, B-WL5M-SUBG1, NUCLEO-C031C6, NUCLEO-H503RB, NUCLEO-H563ZI, NUCLEO-U545RE-Q, NUCLEO-U5A5ZJ-Q, NUCLEO-WBA52CG, NUCLEO-WBA55CG, STEVAL-MKBOXPRO, STEVAL-PROTEUS1, STEVAL-STWINBX1, STM320518-EVAL, STM32C0116-DK, STM32C011D6Y3TR, STM32C011D6Y6TR, STM32C011F4P3, STM32C011F4P6, STM32C011F4U3, STM32C011F4U6TR, STM32C011F6P3, STM32C011F6P6, STM32C011F6U3, STM32C011F6U6TR, STM32C011J4M3, STM32C011J4M6, STM32C011J6M3, STM32C011J6M6, STM32C0316-DK, STM32C031C4T3, STM32C031C4T6, STM32C031C4U3, STM32C031C4U6, STM32C031C6T3, STM32C031C6T6, STM32C031C6U3, STM32C031C6U6, STM32C031F4P3, STM32C031F4P6, STM32C031F6P3, STM32C031F6P6, STM32C031G4U3, STM32C031G4U6, STM32C031G6U3, STM32C031G6U6, STM32C031K4T3, STM32C031K4T6, STM32C031K4U3, STM32C031K4U6, STM32C031K6T3, STM32C031K6T6, STM32C031K6U3, STM32C031K6U6, STM32G071K8TXN, STM32G071K8UXN, STM32G081GBU6N, STM32G081KBT6N, STM32G081KBUXN, STM32G0B1CCT6N, STM32G0B1KCT6, STM32G0B1NEY6TR, STM32G0B1RCT6N, STM32G0C1CCT6, STM32G0C1CCT6N, STM32G0C1CCU6N, STM32G0C1CET6N, STM32G0C1CEU6N, STM32G0C1KCT6, STM32G0C1NEY6TR, STM32G0C1RCI6N, STM32G0C1RCT6N, STM32G0C1REI6N, STM32G0C1RET6N, STM32G0C1VCI6, STM32G0C1VEI6, STM32G471CCT6, STM32G471CCU6, STM32G471CET3, STM32G471CET6, STM32G471CEU3, STM32G471CEU6, STM32G471MCT6, STM32G471MET3, STM32G471MET6, STM32G471MEY6TR, STM32G471QCT6, STM32G471QET3, STM32G471RCT6, STM32G471RET3, STM32G471RET6, STM32G471VCH6, STM32G471VCI6, STM32G471VCT6, STM32G471VEH3, STM32G471VEH6, STM32G471VEI3, STM32G471VEI6, STM32G471VET3, STM32G471VET6, STM32G474CCT6, STM32H503CBT6, STM32H503CBU6, STM32H503EBY6TR, STM32H503KBU6, STM32H503RBT6, STM32H562AGI6, STM32H562AII6, STM32H562IGK6, STM32H562IGT6, STM32H562IIK6, STM32H562IIT6, STM32H562RGT6, STM32H562RGV6, STM32H562RIT6, STM32H562RIV6, STM32H562VGT6, STM32H562VIT6, STM32H562ZGT6, STM32H562ZIT6, STM32H563AGI6, STM32H563AII3Q, STM32H563AII6, STM32H563IGK6, STM32H563IGT6, STM32H563IIK3Q, STM32H563IIK6, STM32H563IIT3Q, STM32H563IIT6, STM32H563MIY3QTR, STM32H563RGT6, STM32H563RGV6, STM32H563RIT6, STM32H563RIV6, STM32H563VGT6, STM32H563VIT3Q, STM32H563VIT6, STM32H563ZGT6, STM32H563ZIT3Q, STM32H563ZIT6, STM32H573AII3Q, STM32H573AII6, STM32H573I-DK, STM32H573IIK3Q, STM32H573IIK6, STM32H573IIT3Q, STM32H573IIT6, STM32H573MIY3QTR, STM32H573RIT6, STM32H573RIV6, STM32H573VIT3Q, STM32H573VIT6, STM32H573ZIT3Q, STM32H573ZIT6, STM32L4R5QGI6STR, STM32MP131AAE3, STM32MP131AAF3, STM32MP131AAG3, STM32MP131CAE3, STM32MP131CAF3, STM32MP131CAG3, STM32MP131DAE7, STM32MP131DAF7, STM32MP131DAG7, STM32MP131FAE7, STM32MP131FAF7, STM32MP131FAG7, STM32MP133AAE3, STM32MP133AAF3, STM32MP133AAG3, STM32MP133CAE3, STM32MP133CAF3, STM32MP133CAG3, STM32MP133DAE7, STM32MP133DAF7, STM32MP133DAG7, STM32MP133FAE7, STM32MP133FAF7, STM32MP133FAG7, STM32MP135AAE3, STM32MP135AAF3, STM32MP135AAG3, STM32MP135CAE3, STM32MP135CAF3, STM32MP135CAG3, STM32MP135DAE7, STM32MP135DAF7, STM32MP135DAG7, STM32MP135F-DK, STM32MP135FAE7, STM32MP135FAF7, STM32MP135FAF7T, STM32MP135FAF7U, STM32MP135FAG7, STM32U535CBT6, STM32U535CBT6Q, STM32U535CBU6, STM32U535CBU6Q, STM32U535CCT6, STM32U535CCT6Q, STM32U535CCU6, STM32U535CCU6Q, STM32U535CET6, STM32U535CET6Q, STM32U535CEU6, STM32U535CEU6Q, STM32U535JEY6QTR, STM32U535NCY6QTR, STM32U535NEY6QTR, STM32U535RBI6, STM32U535RBI6Q, STM32U535RBT6, STM32U535RBT6Q, STM32U535RCI6, STM32U535RCI6Q, STM32U535RCT6, STM32U535RCT6Q, STM32U535REI6, STM32U535REI6Q, STM32U535RET6, STM32U535RET6Q, STM32U535VCI6, STM32U535VCI6Q, STM32U535VCT6, STM32U535VCT6Q, STM32U535VEI6, STM32U535VEI6Q, STM32U535VET6, STM32U535VET6Q, STM32U545CET6, STM32U545CET6Q, STM32U545CEU6, STM32U545CEU6Q, STM32U545JEY6QTR, STM32U545NEY6QTR, STM32U545REI6, STM32U545REI6Q, STM32U545RET6, STM32U545RET6Q, STM32U545VEI6, STM32U545VEI6Q, STM32U545VET6, STM32U545VET6Q, STM32U595AIH6, STM32U595AIH6Q, STM32U595AJH6, STM32U595AJH6Q, STM32U595QII6, STM32U595QII6Q, STM32U595QJI6, STM32U595QJI6Q, STM32U595RIT6, STM32U595RIT6Q, STM32U595RJT6, STM32U595RJT6Q, STM32U595VIT6, STM32U595VIT6Q, STM32U595VJT6, STM32U595VJT6Q, STM32U595ZIT6, STM32U595ZIT6Q, STM32U595ZIY6QTR, STM32U595ZJT6, STM32U595ZJT6Q, STM32U595ZJY6QTR, STM32U599BJY6QTR, STM32U599NIH6Q, STM32U599NJH6Q, STM32U599VIT6Q, STM32U599VJT6, STM32U599VJT6Q, STM32U599ZIT6Q, STM32U599ZIY6QTR, STM32U599ZJT6Q, STM32U599ZJY6QTR, STM32U5A5AJH6, STM32U5A5AJH6Q, STM32U5A5QJI6, STM32U5A5QJI6Q, STM32U5A5RJT6, STM32U5A5RJT6Q, STM32U5A5VJT6, STM32U5A5VJT6Q, STM32U5A5ZJT6, STM32U5A5ZJT6Q, STM32U5A5ZJY6QTR, STM32U5A9BJY6QTR, STM32U5A9J-DK, STM32U5A9NJH6Q, STM32U5A9VJT6Q, STM32U5A9ZJT6Q, STM32U5A9ZJY6QTR, STM32U5F7VIT6, STM32U5F7VIT6Q, STM32U5F7VJT6, STM32U5F7VJT6Q, STM32U5F9BJY6QTR, STM32U5F9NJH6Q, STM32U5F9VIT6Q, STM32U5F9VJT6Q, STM32U5F9ZIJ6QTR, STM32U5F9ZIT6Q, STM32U5F9ZJJ6QTR, STM32U5F9ZJT6Q, STM32U5G7VJT6, STM32U5G7VJT6Q, STM32U5G9BJY6QTR, STM32U5G9J-DK1, STM32U5G9J-DK2, STM32U5G9NJH6Q, STM32U5G9VJT6Q, STM32U5G9ZJJ6QTR, STM32U5G9ZJT6Q, STM32WB1MMCH6, STM32WBA50KEU6, STM32WBA50KEU6TR, STM32WBA50KGU6, STM32WBA50KGU6TR, STM32WBA52CEU6, STM32WBA52CEU6TR, STM32WBA52CEU7, STM32WBA52CEU7TR, STM32WBA52CGU6, STM32WBA52CGU6TR, STM32WBA52CGU6U, STM32WBA52CGU7, STM32WBA52CGU7TR, STM32WBA52KEU6, STM32WBA52KEU6TR, STM32WBA52KGU6, STM32WBA52KGU6TR, STM32WBA54CEU6, STM32WBA54CEU6TR, STM32WBA54CEU7, STM32WBA54CEU7TR, STM32WBA54CGU6, STM32WBA54CGU6TR, STM32WBA54CGU7, STM32WBA54CGU7TR, STM32WBA54KEU6, STM32WBA54KEU6TR, STM32WBA54KEU7, STM32WBA54KEU7TR, STM32WBA54KGU6, STM32WBA54KGU6TR, STM32WBA54KGU7, STM32WBA54KGU7TR, STM32WBA55CEU6, STM32WBA55CEU6TR, STM32WBA55CEU7, STM32WBA55CEU7TR, STM32WBA55CGU6, STM32WBA55CGU6TR, STM32WBA55CGU6U, STM32WBA55CGU7, STM32WBA55CGU7TR, STM32WBA55G-DK1, STM32WBA55HEF6, STM32WBA55HEF7, STM32WBA55HGF6, STM32WBA55HGF7, STM32WBA55UEI6, STM32WBA55UEI6TR, STM32WBA55UEI7, STM32WBA55UEI7TR, STM32WBA55UGI6, STM32WBA55UGI6TR, STM32WBA55UGI7, STM32WBA55UGI7TR, STM32WL5MOCH6, STM32WL5MOCH6TR]
2024-03-05 20:39:45,618 [INFO] DbMcus:218 - Found 3930 MCUs, 3930 are supported
2024-03-05 20:39:45,619 [INFO] ApiDb:423 - Load user favorites file C:\Users\georg/.stm32cubeide/favorites.mcus.txt: 0 item(s)
2024-03-05 20:39:45,619 [INFO] ApiDb:427 - User favorites MCUs=[]
2024-03-05 20:39:45,620 [INFO] DbMcus:224 - Set 0 / 0 favorites MCUs
2024-03-05 20:39:45,990 [INFO] ApiDb:423 - Load user favorites file C:\Users\georg/.stm32cubeide/favorites.boards.txt: 1 item(s)
2024-03-05 20:39:45,990 [INFO] ApiDb:427 - User favorites Boards=[STM32F3DISCOVERY]
2024-03-05 20:39:45,990 [INFO] DbBoards:198 - Set 1 / 1 favorites Boards
2024-03-05 20:39:45,991 [INFO] McuFinderGlobals:76 - Set McuFinderConnectedMode to true
2024-03-05 20:39:45,999 [INFO] MultiScanPanel:200 - Auto-refresh data requested => check proxy status ongoing
2024-03-05 20:39:46,003 [INFO] FinderPluginLoader:95 - Searching for filters in installed packs
2024-03-05 20:39:48,078 [ERROR] WebUtils:396 - Updater is busy
2024-03-05 20:39:48,078 [WARN] DetailPanel:346 - Failed to get advertising image, set to default
2024-03-05 20:39:53,296 [INFO] ServerAccessManage:473 - Download File STMicroelectronics.X-CUBE-AZRTOS-F4.pdsc
2024-03-05 20:39:56,980 [INFO] ServerAccessManage:473 - Download File STMicroelectronics.X-CUBE-AZRTOS-F7.pdsc
2024-03-05 20:40:00,464 [INFO] ServerAccessManage:473 - Download File STMicroelectronics.X-CUBE-AZRTOS-L4.pdsc
2024-03-05 20:40:03,843 [INFO] ServerAccessManage:473 - Download File STMicroelectronics.X-CUBE-AZRTOS-L5.pdsc
2024-03-05 20:40:06,793 [INFO] MultiScanPanel:200 - Auto-refresh data requested => check proxy status ongoing
2024-03-05 20:40:07,042 [ERROR] WebUtils:396 - Updater is busy
2024-03-05 20:40:07,042 [WARN] DetailPanel:346 - Failed to get advertising image, set to default
2024-03-05 20:40:07,067 [INFO] DbBoards:642 - Loading board mini-images...
2024-03-05 20:40:08,345 [INFO] ServerAccessManage:473 - Download File STMicroelectronics.X-CUBE-AZRTOS-G0.pdsc
2024-03-05 20:40:09,555 [ERROR] DbBoards:659 - Image file not found for board NUCLEO-WBA55CG: C:\Users\georg\.stmcufinder\plugins\mcufinder//mcu//boards_images/NUCLEO-WBA55CG.jpg
2024-03-05 20:40:12,134 [INFO] ServerAccessManage:473 - Download File STMicroelectronics.X-CUBE-AZRTOS-G4.pdsc
2024-03-05 20:40:12,740 [ERROR] DbBoards:659 - Image file not found for board STM32WBA55G-DK1: C:\Users\georg\.stmcufinder\plugins\mcufinder//mcu//boards_images/STM32WBA55G-DK1.jpg
2024-03-05 20:40:12,740 [INFO] DbBoards:665 - Loaded 191 board mini-images
2024-03-05 20:40:15,722 [INFO] ServerAccessManage:473 - Download File STMicroelectronics.X-CUBE-AZRTOS-WB.pdsc
2024-03-05 20:40:19,063 [INFO] ServerAccessManage:473 - Download File STMicroelectronics.X-CUBE-AZRTOS-WL.pdsc
2024-03-05 20:40:22,754 [INFO] ServerAccessManage:473 - Download File wolfSSL.I-CUBE-wolfSSL.pdsc
2024-03-05 20:40:28,008 [ERROR] ServerAccessManage:1089 - Problem, file not found on Server
2024-03-05 20:40:28,495 [ERROR] ServerAccessManage:1089 - Problem, file not found on Server
2024-03-05 20:40:29,030 [ERROR] ServerAccessManage:1089 - Problem, file not found on Server
2024-03-05 20:40:30,401 [ERROR] ServerAccessManage:1096 - Problem, Http access forbiden
2024-03-05 20:40:30,402 [ERROR] ServerAccessManage:651 - Problem, Http access forbiden : RoweBots.I-CUBE-UNISONRTOS.pdsc.
2024-03-05 20:40:32,305 [INFO] ServerAccessManage:473 - Download File SEGGER.I-CUBE-embOS.pdsc
2024-03-05 20:40:36,813 [INFO] ServerAccessManage:473 - Download File portGmbH.I-Cube-SoM-uGOAL.pdsc
2024-03-05 20:40:40,396 [ERROR] ServerAccessManage:1089 - Problem, file not found on Server
2024-03-05 20:40:40,807 [ERROR] ServerAccessManage:1089 - Problem, file not found on Server
2024-03-05 20:40:41,216 [ERROR] ServerAccessManage:1089 - Problem, file not found on Server
2024-03-05 20:40:42,994 [INFO] ServerAccessManage:473 - Download File emotas.I-CUBE-CANOPEN.pdsc
2024-03-05 20:40:44,572 [INFO] McuFinderGlobals:76 - Set McuFinderConnectedMode to true
2024-03-05 20:40:44,578 [INFO] ApiDb:448 - Save user favorites file C:\Users\georg/.stm32cubeide/favorites.mcus.txt: 0 item(s)
2024-03-05 20:40:44,579 [INFO] ApiDb:452 - User favorites MCUs=[]
2024-03-05 20:40:44,582 [INFO] ApiDb:448 - Save user favorites file C:\Users\georg/.stm32cubeide/favorites.boards.txt: 1 item(s)
2024-03-05 20:40:44,582 [INFO] ApiDb:452 - User favorites Boards=[STM32F3DISCOVERY]
2024-03-05 20:40:45,587 [INFO] ServerAccessManage:473 - Download File WES.I-CUBE-Cesium.pdsc
2024-03-05 20:40:46,814 [ERROR] ServerAccessManage:1089 - Problem, file not found on Server
2024-03-05 20:40:47,159 [ERROR] ServerAccessManage:1089 - Problem, file not found on Server
2024-03-05 20:40:48,264 [INFO] ServerAccessManage:473 - Download File ITTIA_DB.I-CUBE-ITTIADB.pdsc
2024-03-05 20:40:52,380 [INFO] ServerAccessManage:473 - Download File Infineon.AIROC-Wi-Fi-Bluetooth-STM32.pdsc
2024-03-05 20:40:54,496 [WARN] PackLoader:240 - Cannot read IP mode file for STMicroelectronics.FP-SNS-MOTENV1.4.3.2
2024-03-05 20:40:54,511 [WARN] PackLoader:240 - Cannot read IP mode file for STMicroelectronics.FP-SNS-MOTENVWB1.1.3.1
2024-03-05 20:40:54,527 [WARN] PackLoader:240 - Cannot read IP mode file for STMicroelectronics.FP-SNS-SMARTAG2.1.2.0
2024-03-05 20:40:54,538 [WARN] PackLoader:240 - Cannot read IP mode file for STMicroelectronics.X-CUBE-AI.8.1.0
2024-03-05 20:40:54,552 [WARN] PackLoader:240 - Cannot read IP mode file for STMicroelectronics.X-CUBE-ALS.1.0.1
2024-03-05 20:40:54,565 [WARN] PackLoader:240 - Cannot read IP mode file for STMicroelectronics.X-CUBE-BLE1.7.0.0
2024-03-05 20:40:54,574 [WARN] PackLoader:240 - Cannot read IP mode file for STMicroelectronics.X-CUBE-BLE2.3.3.0
2024-03-05 20:40:54,595 [WARN] PackLoader:240 - Cannot read IP mode file for STMicroelectronics.X-CUBE-BLEMGR.3.1.0
2024-03-05 20:40:54,621 [WARN] PackLoader:240 - Cannot read IP mode file for STMicroelectronics.X-CUBE-DISPLAY.3.0.0
2024-03-05 20:40:54,645 [WARN] PackLoader:240 - Cannot read IP mode file for STMicroelectronics.X-CUBE-EEPRMA1.5.1.0
2024-03-05 20:40:54,650 [INFO] CheckServerUpdateThread:120 - End of CheckServer Thread
2024-03-05 20:40:54,660 [WARN] PackLoader:240 - Cannot read IP mode file for STMicroelectronics.X-CUBE-FREERTOS.1.1.0
2024-03-05 20:40:54,670 [WARN] PackLoader:240 - Cannot read IP mode file for STMicroelectronics.X-CUBE-GNSS1.6.0.0
2024-03-05 20:40:54,680 [WARN] PackLoader:240 - Cannot read IP mode file for STMicroelectronics.X-CUBE-ISPU.2.0.0
2024-03-05 20:40:54,773 [WARN] PackLoader:240 - Cannot read IP mode file for STMicroelectronics.X-CUBE-MEMS1.10.0.0
2024-03-05 20:40:55,066 [WARN] PackLoader:240 - Cannot read IP mode file for STMicroelectronics.X-CUBE-NFC4.3.0.0
2024-03-05 20:40:55,080 [WARN] PackLoader:240 - Cannot read IP mode file for STMicroelectronics.X-CUBE-NFC6.3.0.0
2024-03-05 20:40:55,094 [WARN] PackLoader:240 - Cannot read IP mode file for STMicroelectronics.X-CUBE-NFC7.1.0.1
2024-03-05 20:40:55,105 [WARN] PackLoader:240 - Cannot read IP mode file for STMicroelectronics.X-CUBE-SFXS2LP1.4.0.0
2024-03-05 20:40:55,122 [WARN] PackLoader:240 - Cannot read IP mode file for STMicroelectronics.X-CUBE-SUBG2.5.0.0
2024-03-05 20:40:55,139 [WARN] PackLoader:240 - Cannot read IP mode file for STMicroelectronics.X-CUBE-SMBUS.2.1.0
2024-03-05 20:40:55,156 [WARN] PackLoader:240 - Cannot read IP mode file for STMicroelectronics.X-CUBE-TOF1.3.4.1
2024-03-05 20:40:55,178 [WARN] PackLoader:240 - Cannot read IP mode file for STMicroelectronics.X-CUBE-TOUCHGFX.4.23.0
2024-03-05 20:40:55,187 [WARN] PackLoader:240 - Cannot read IP mode file for STMicroelectronics.X-CUBE-ALGOBUILD.1.3.0
2024-03-05 20:40:55,229 [WARN] PackLoader:240 - Cannot read IP mode file for STMicroelectronics.X-CUBE-AZRTOS-H7.3.2.0
2024-03-05 20:40:55,258 [WARN] PackLoader:240 - Cannot read IP mode file for STMicroelectronics.X-CUBE-AZRTOS-F4.1.1.0
2024-03-05 20:40:55,290 [WARN] PackLoader:240 - Cannot read IP mode file for STMicroelectronics.X-CUBE-AZRTOS-F7.1.1.0
2024-03-05 20:40:55,323 [WARN] ConditionMgr:438 - getConditionDescription Invalid condition id : LAN8742 Phy interface Condition cause : null
2024-03-05 20:40:55,323 [WARN] PackLoader:240 - Cannot read IP mode file for STMicroelectronics.X-CUBE-AZRTOS-L4.2.0.0
2024-03-05 20:40:55,326 [WARN] ConditionMgr:1039 - genDependencies : Invalid condition id : LAN8742 Phy interface Condition cause : null
2024-03-05 20:40:55,326 [WARN] ConditionMgr:1039 - genDependencies : Invalid condition id : LAN8742 Phy interface Condition cause : null
2024-03-05 20:40:55,327 [WARN] ConditionMgr:1039 - genDependencies : Invalid condition id : LAN8742 Phy interface Condition cause : null
2024-03-05 20:40:55,349 [WARN] PackLoader:240 - Cannot read IP mode file for STMicroelectronics.X-CUBE-AZRTOS-L5.2.0.0
2024-03-05 20:40:55,377 [WARN] PackLoader:240 - Cannot read IP mode file for STMicroelectronics.X-CUBE-AZRTOS-G0.1.1.0
2024-03-05 20:40:55,405 [WARN] PackLoader:240 - Cannot read IP mode file for STMicroelectronics.X-CUBE-AZRTOS-G4.2.0.0
2024-03-05 20:40:55,427 [WARN] ConditionMgr:438 - getConditionDescription Invalid condition id : UX DEVICE CLASS RTOS Condition cause : null
2024-03-05 20:40:55,429 [WARN] ConditionMgr:438 - getConditionDescription Invalid condition id : UX DEVICE CLASS RTOS Condition cause : null
2024-03-05 20:40:55,432 [WARN] PackLoader:240 - Cannot read IP mode file for STMicroelectronics.X-CUBE-AZRTOS-WB.2.0.0
2024-03-05 20:40:55,433 [WARN] ConditionMgr:1039 - genDependencies : Invalid condition id : UX DEVICE CLASS RTOS Condition cause : null
2024-03-05 20:40:55,433 [WARN] ConditionMgr:1039 - genDependencies : Invalid condition id : UX DEVICE CLASS RTOS Condition cause : null
2024-03-05 20:40:55,434 [WARN] ConditionMgr:1039 - genDependencies : Invalid condition id : UX DEVICE CLASS RTOS Condition cause : null
2024-03-05 20:40:55,435 [WARN] ConditionMgr:1039 - genDependencies : Invalid condition id : UX DEVICE CLASS RTOS Condition cause : null
2024-03-05 20:40:55,435 [WARN] ConditionMgr:1039 - genDependencies : Invalid condition id : UX DEVICE CLASS RTOS Condition cause : null
2024-03-05 20:40:55,451 [INFO] LogOutputStream:77 - [STDOUT_REDIRECT] 1 : Invalid condition id : UX_CORESTACK_Condition cause : null
2024-03-05 20:40:55,451 [INFO] LogOutputStream:77 - [STDOUT_REDIRECT] 1 : Invalid condition id : UX_CORESTACK_Condition cause : null
2024-03-05 20:40:55,454 [INFO] LogOutputStream:77 - [STDOUT_REDIRECT] 1 : Invalid condition id : UX_CORESTACK_Condition cause : null
2024-03-05 20:40:55,457 [INFO] LogOutputStream:77 - [STDOUT_REDIRECT] 1 : Invalid condition id : UX_CORESTACK_Condition cause : null
2024-03-05 20:40:55,458 [INFO] LogOutputStream:77 - [STDOUT_REDIRECT] 1 : Invalid condition id : UX_CORESTACK_Condition cause : null
2024-03-05 20:40:55,462 [WARN] PackLoader:240 - Cannot read IP mode file for STMicroelectronics.X-CUBE-AZRTOS-WL.2.0.0
2024-03-05 20:40:55,469 [WARN] PackLoader:240 - Cannot read IP mode file for wolfSSL.I-CUBE-wolfSSL.5.6.6
2024-03-05 20:40:55,509 [WARN] PackLoader:240 - Cannot read IP mode file for SEGGER.I-CUBE-embOS.1.3.1
2024-03-05 20:40:55,603 [WARN] PackLoader:240 - Cannot read IP mode file for portGmbH.I-Cube-SoM-uGOAL.1.1.0
2024-03-05 20:40:55,609 [WARN] PackLoader:240 - Cannot read IP mode file for emotas.I-CUBE-CANOPEN.1.3.0
2024-03-05 20:40:55,619 [WARN] PackLoader:240 - Cannot read IP mode file for WES.I-CUBE-Cesium.1.3.0
2024-03-05 20:40:55,628 [WARN] PackLoader:240 - Cannot read IP mode file for ITTIA_DB.I-CUBE-ITTIADB.8.8.0
2024-03-05 20:40:55,645 [WARN] PackLoader:240 - Cannot read IP mode file for Infineon.AIROC-Wi-Fi-Bluetooth-STM32.1.5.1
2024-03-05 20:40:55,651 [INFO] PopulateThirdPartyThread:66 - Ending populate Thread
2024-03-05 20:40:55,655 [INFO] ThirdParty:1030 - CMSIS Pack Vendor :STMicroelectronics X-CUBE-DISPLAY 3.0.0
2024-03-05 20:40:55,655 [INFO] ThirdParty:1030 - CMSIS Pack Vendor :STMicroelectronics X-CUBE-GNSS1 6.0.0
2024-03-05 20:40:55,655 [INFO] ThirdParty:1030 - CMSIS Pack Vendor :STMicroelectronics FP-SNS-MOTENVWB1 1.3.1
2024-03-05 20:40:55,655 [INFO] ThirdParty:1030 - CMSIS Pack Vendor :STMicroelectronics X-CUBE-AZRTOS-F4 1.1.0
2024-03-05 20:40:55,655 [INFO] ThirdParty:1030 - CMSIS Pack Vendor :STMicroelectronics X-CUBE-BLE1 7.0.0
2024-03-05 20:40:55,655 [INFO] ThirdParty:1030 - CMSIS Pack Vendor :STMicroelectronics X-CUBE-SMBUS 2.1.0
2024-03-05 20:40:55,655 [INFO] ThirdParty:1030 - CMSIS Pack Vendor :STMicroelectronics X-CUBE-ISPU 2.0.0
2024-03-05 20:40:55,656 [INFO] ThirdParty:1030 - CMSIS Pack Vendor :STMicroelectronics X-CUBE-EEPRMA1 5.1.0
2024-03-05 20:40:55,656 [INFO] ThirdParty:1030 - CMSIS Pack Vendor :STMicroelectronics X-CUBE-AZRTOS-WB 2.0.0
2024-03-05 20:40:55,656 [INFO] ThirdParty:1030 - CMSIS Pack Vendor :emotas I-CUBE-CANOPEN 1.3.0
2024-03-05 20:40:55,656 [INFO] ThirdParty:1030 - CMSIS Pack Vendor :STMicroelectronics X-CUBE-MEMS1 10.0.0
2024-03-05 20:40:55,656 [INFO] ThirdParty:1030 - CMSIS Pack Vendor :wolfSSL I-CUBE-wolfSSL 5.6.6
2024-03-05 20:40:55,656 [INFO] ThirdParty:1030 - CMSIS Pack Vendor :STMicroelectronics X-CUBE-FREERTOS 1.1.0
2024-03-05 20:40:55,656 [INFO] ThirdParty:1030 - CMSIS Pack Vendor :STMicroelectronics X-CUBE-NFC7 1.0.1
2024-03-05 20:40:55,656 [INFO] ThirdParty:1030 - CMSIS Pack Vendor :STMicroelectronics X-CUBE-TOUCHGFX 4.23.0
2024-03-05 20:40:55,656 [INFO] ThirdParty:1030 - CMSIS Pack Vendor :STMicroelectronics X-CUBE-AZRTOS-F7 1.1.0
2024-03-05 20:40:55,656 [INFO] ThirdParty:1030 - CMSIS Pack Vendor :STMicroelectronics X-CUBE-AZRTOS-L5 2.0.0
2024-03-05 20:40:55,656 [INFO] ThirdParty:1030 - CMSIS Pack Vendor :STMicroelectronics X-CUBE-NFC6 3.0.0
2024-03-05 20:40:55,656 [INFO] ThirdParty:1030 - CMSIS Pack Vendor :STMicroelectronics X-CUBE-ALS 1.0.1
2024-03-05 20:40:55,656 [INFO] ThirdParty:1030 - CMSIS Pack Vendor :portGmbH I-Cube-SoM-uGOAL 1.1.0
2024-03-05 20:40:55,657 [INFO] ThirdParty:1030 - CMSIS Pack Vendor :ITTIA_DB I-CUBE-ITTIADB 8.8.0
2024-03-05 20:40:55,657 [INFO] ThirdParty:1030 - CMSIS Pack Vendor :STMicroelectronics X-CUBE-BLEMGR 3.1.0
2024-03-05 20:40:55,657 [INFO] ThirdParty:1030 - CMSIS Pack Vendor :STMicroelectronics FP-SNS-SMARTAG2 1.2.0
2024-03-05 20:40:55,657 [INFO] ThirdParty:1030 - CMSIS Pack Vendor :STMicroelectronics FP-SNS-MOTENV1 4.3.2
2024-03-05 20:40:55,657 [INFO] ThirdParty:1030 - CMSIS Pack Vendor :STMicroelectronics X-CUBE-ALGOBUILD 1.3.0
2024-03-05 20:40:55,657 [INFO] ThirdParty:1030 - CMSIS Pack Vendor :STMicroelectronics X-CUBE-AZRTOS-WL 2.0.0
2024-03-05 20:40:55,657 [INFO] ThirdParty:1030 - CMSIS Pack Vendor :SEGGER I-CUBE-embOS 1.3.1
2024-03-05 20:40:55,657 [INFO] ThirdParty:1030 - CMSIS Pack Vendor :STMicroelectronics X-CUBE-AZRTOS-G0 1.1.0
2024-03-05 20:40:55,657 [INFO] ThirdParty:1030 - CMSIS Pack Vendor :STMicroelectronics X-CUBE-AI 8.1.0
2024-03-05 20:40:55,657 [INFO] ThirdParty:1030 - CMSIS Pack Vendor :STMicroelectronics X-CUBE-NFC4 3.0.0
2024-03-05 20:40:55,657 [INFO] ThirdParty:1030 - CMSIS Pack Vendor :STMicroelectronics X-CUBE-SUBG2 5.0.0
2024-03-05 20:40:55,657 [INFO] ThirdParty:1030 - CMSIS Pack Vendor :STMicroelectronics X-CUBE-AZRTOS-L4 2.0.0
2024-03-05 20:40:55,658 [INFO] ThirdParty:1030 - CMSIS Pack Vendor :WES I-CUBE-Cesium 1.3.0
2024-03-05 20:40:55,658 [INFO] ThirdParty:1030 - CMSIS Pack Vendor :STMicroelectronics X-CUBE-SFXS2LP1 4.0.0
2024-03-05 20:40:55,658 [INFO] ThirdParty:1030 - CMSIS Pack Vendor :STMicroelectronics X-CUBE-BLE2 3.3.0
2024-03-05 20:40:55,658 [INFO] ThirdParty:1030 - CMSIS Pack Vendor :STMicroelectronics X-CUBE-TOF1 3.4.1
2024-03-05 20:40:55,658 [INFO] ThirdParty:1030 - CMSIS Pack Vendor :STMicroelectronics X-CUBE-AZRTOS-G4 2.0.0
2024-03-05 20:40:55,658 [INFO] ThirdParty:1030 - CMSIS Pack Vendor :STMicroelectronics X-CUBE-AZRTOS-H7 3.2.0
2024-03-05 20:40:55,658 [INFO] ThirdParty:1030 - CMSIS Pack Vendor :Infineon AIROC-Wi-Fi-Bluetooth-STM32 1.5.1
2024-03-05 20:40:55,659 [INFO] LoadServerUpdatesThread:375 - End of LoadServerUpdate Thread
2024-03-05 23:33:50,268 [ERROR] LogOutputStream:75 - [STDERR_REDIRECT] 
2024-03-05 23:35:00,665 [INFO] Activator:176 - 


2024-03-05 23:35:00,669 [INFO] Activator:177 - !SESSION log4j initialized
2024-03-05 23:35:10,230 [INFO] LogOutputStream:77 - [STDOUT_REDIRECT] 
2024-03-05 23:35:12,342 [INFO] ApplicationProperties:184 - Using Application install path: C:\Users\georg\Desktop\STM32CubeIDE_1.14.1\STM32CubeIDE\plugins\com.st.stm32cube.common.mx_6.10.0.202311202037
2024-03-05 23:35:12,391 [INFO] DbMcusXml:78 - Set database path to: C:\Users\georg\Desktop\STM32CubeIDE_1.14.1\STM32CubeIDE\plugins\com.st.stm32cube.common.mx_6.10.0.202311202037\\db\/mcu/
2024-03-05 23:35:12,393 [INFO] ApiDb:274 - Set plugin database path to: C:\Users\georg\Desktop\STM32CubeIDE_1.14.1\STM32CubeIDE\plugins\com.st.stm32cube.common.mx_6.10.0.202311202037\\db\/plugins/boardmanager/
2024-03-05 23:35:12,394 [WARN] ApiDb:259 - Overriding images path with different value:  => C:\Users\georg\Desktop\STM32CubeIDE_1.14.1\STM32CubeIDE\plugins\com.st.stm32cube.common.mx_6.10.0.202311202037\\db\/plugins/mcufinder/images/
2024-03-05 23:35:12,417 [INFO] ApiDb:250 - Set database path to: C:\Users\georg\.stmcufinder\plugins\mcufinder//mcu/
2024-03-05 23:35:12,420 [INFO] DbMcusAds:125 - Set database path to: C:\Users\georg\.stmcufinder\plugins\mcufinder//mcu/
2024-03-05 23:35:12,426 [INFO] CrossReferenceDbSqlite:203 - Set database path to: C:\Users\georg\.stmcufinder\plugins\mcufinder//mcu/cs/
2024-03-05 23:35:12,614 [INFO] RulesReader:64 - Compatibility file has been processed (297 Rules)
2024-03-05 23:35:12,716 [INFO] DbMcusXml:78 - Set database path to: C:\Users\georg\Desktop\STM32CubeIDE_1.14.1\STM32CubeIDE\plugins\com.st.stm32cube.common.mx_6.10.0.202311202037\\db\/mcu/
2024-03-05 23:35:12,716 [INFO] ApiDb:274 - Set plugin database path to: C:\Users\georg\Desktop\STM32CubeIDE_1.14.1\STM32CubeIDE\plugins\com.st.stm32cube.common.mx_6.10.0.202311202037\\db\/plugins/boardmanager/
2024-03-05 23:35:12,716 [INFO] ApiDb:261 - Set plugin images path to: C:\Users\georg\Desktop\STM32CubeIDE_1.14.1\STM32CubeIDE\plugins\com.st.stm32cube.common.mx_6.10.0.202311202037\\db\/plugins/mcufinder/images/
2024-03-05 23:35:12,717 [WARN] DbFile:41 - Overriding database path with different value: C:\Users\georg\.stmcufinder\plugins\mcufinder/ => C:\Users\georg\.stmcufinder\plugins\mcufinder
2024-03-05 23:35:12,717 [INFO] ApiDb:250 - Set database path to: C:\Users\georg\.stmcufinder\plugins\mcufinder//mcu/
2024-03-05 23:35:12,717 [WARN] DbFile:41 - Overriding database path with different value: C:\Users\georg\.stmcufinder\plugins\mcufinder/ => C:\Users\georg\.stmcufinder\plugins\mcufinder
2024-03-05 23:35:12,717 [INFO] DbMcusAds:125 - Set database path to: C:\Users\georg\.stmcufinder\plugins\mcufinder//mcu/
2024-03-05 23:35:12,717 [WARN] DbFile:41 - Overriding database path with different value: C:\Users\georg\.stmcufinder\plugins\mcufinder/ => C:\Users\georg\.stmcufinder\plugins\mcufinder
2024-03-05 23:35:12,717 [WARN] DbFile:41 - Overriding database path with different value: C:\Users\georg\.stmcufinder\plugins\mcufinder/ => C:\Users\georg\.stmcufinder\plugins\mcufinder
2024-03-05 23:35:12,717 [INFO] CrossReferenceDbSqlite:203 - Set database path to: C:\Users\georg\.stmcufinder\plugins\mcufinder//mcu/cs/
2024-03-05 23:35:12,821 [INFO] MainPanel:264 - HeapMemory: 268435456
2024-03-05 23:35:12,913 [INFO] DbMcusXml:78 - Set database path to: C:\Users\georg\Desktop\STM32CubeIDE_1.14.1\STM32CubeIDE\plugins\com.st.stm32cube.common.mx_6.10.0.202311202037\\db\/mcu/
2024-03-05 23:35:12,914 [INFO] ApiDb:274 - Set plugin database path to: C:\Users\georg\Desktop\STM32CubeIDE_1.14.1\STM32CubeIDE\plugins\com.st.stm32cube.common.mx_6.10.0.202311202037\\db\/plugins/boardmanager/
2024-03-05 23:35:12,914 [INFO] ApiDb:261 - Set plugin images path to: C:\Users\georg\Desktop\STM32CubeIDE_1.14.1\STM32CubeIDE\plugins\com.st.stm32cube.common.mx_6.10.0.202311202037\\db\/plugins/mcufinder/images/
2024-03-05 23:35:12,917 [WARN] DbFile:41 - Overriding database path with different value: C:\Users\georg\.stmcufinder\plugins\mcufinder/ => C:\Users\georg\.stmcufinder\plugins\mcufinder
2024-03-05 23:35:12,917 [INFO] ApiDb:250 - Set database path to: C:\Users\georg\.stmcufinder\plugins\mcufinder//mcu/
2024-03-05 23:35:12,917 [WARN] DbFile:41 - Overriding database path with different value: C:\Users\georg\.stmcufinder\plugins\mcufinder/ => C:\Users\georg\.stmcufinder\plugins\mcufinder
2024-03-05 23:35:12,917 [INFO] DbMcusAds:125 - Set database path to: C:\Users\georg\.stmcufinder\plugins\mcufinder//mcu/
2024-03-05 23:35:12,917 [WARN] DbFile:41 - Overriding database path with different value: C:\Users\georg\.stmcufinder\plugins\mcufinder/ => C:\Users\georg\.stmcufinder\plugins\mcufinder
2024-03-05 23:35:12,917 [WARN] DbFile:41 - Overriding database path with different value: C:\Users\georg\.stmcufinder\plugins\mcufinder/ => C:\Users\georg\.stmcufinder\plugins\mcufinder
2024-03-05 23:35:12,917 [INFO] CrossReferenceDbSqlite:203 - Set database path to: C:\Users\georg\.stmcufinder\plugins\mcufinder//mcu/cs/
2024-03-05 23:35:12,940 [INFO] ApplicationProperties:184 - Using Application install path: C:\Users\georg\Desktop\STM32CubeIDE_1.14.1\STM32CubeIDE\plugins\com.st.stm32cube.common.mx_6.10.0.202311202037
2024-03-05 23:35:12,942 [INFO] PluginManage:196 - Search for loadable plugins [exclusion list=, ]
2024-03-05 23:35:12,944 [INFO] PluginManage:310 - Check plugin analytics
2024-03-05 23:35:13,247 [INFO] AnalyticsPlugin:253 - Accepted Software Licenses: 
2024-03-05 23:35:13,247 [INFO] AnalyticsPlugin:255 - Accepted CMSIS Pack Licenses: 
2024-03-05 23:35:13,248 [INFO] AnalyticsPlugin:257 - Accepted Firmware Licenses: 
2024-03-05 23:35:13,252 [INFO] PluginManage:359 - Loaded plugin analytics (category:tool,tabindex:-1)
2024-03-05 23:35:13,253 [INFO] PluginManage:310 - Check plugin cadmodel
2024-03-05 23:35:13,277 [INFO] CADModel:105 - Init CAD model plugin
2024-03-05 23:35:13,277 [INFO] PluginManage:359 - Loaded plugin cadmodel (category:power,tabindex:5)
2024-03-05 23:35:13,277 [INFO] PluginManage:310 - Check plugin clock
2024-03-05 23:35:13,308 [INFO] PluginManage:359 - Loaded plugin clock (category:base,tabindex:2)
2024-03-05 23:35:13,309 [INFO] PluginManage:310 - Check plugin ddr
2024-03-05 23:35:13,311 [INFO] PluginManage:359 - Loaded plugin ddr (category:tool,tabindex:6)
2024-03-05 23:35:13,312 [INFO] PluginManage:310 - Check plugin filemanager
2024-03-05 23:35:13,565 [INFO] PluginManage:359 - Loaded plugin filemanager (category:base,tabindex:10)
2024-03-05 23:35:13,566 [INFO] PluginManage:310 - Check plugin ipmanager
2024-03-05 23:35:13,578 [INFO] PluginManage:359 - Loaded plugin ipmanager (category:base,tabindex:5)
2024-03-05 23:35:13,578 [INFO] PluginManage:310 - Check plugin lpbam
2024-03-05 23:35:13,606 [INFO] PluginManage:359 - Loaded plugin lpbam (category:base,tabindex:0)
2024-03-05 23:35:13,606 [INFO] PluginManage:310 - Check plugin memorymap
2024-03-05 23:35:13,642 [INFO] PluginManage:359 - Loaded plugin memorymap (category:base,tabindex:4)
2024-03-05 23:35:13,642 [INFO] PluginManage:310 - Check plugin pinoutandconfiguration
2024-03-05 23:35:13,666 [INFO] PluginManage:359 - Loaded plugin pinoutandconfiguration (category:base,tabindex:1)
2024-03-05 23:35:13,667 [INFO] PluginManage:310 - Check plugin pinoutconfig
2024-03-05 23:35:13,799 [WARN] SupportedApi:132 - Cannot load RTOS API schema: s4s-elt-must-match.1: The content of 'definitions' must match (annotation?, (simpleType | complexType)?, (unique | key | keyref)*)). A problem was found starting at: attribute.
2024-03-05 23:35:13,993 [INFO] PluginManage:359 - Loaded plugin pinoutconfig (category:base,tabindex:0)
2024-03-05 23:35:13,993 [INFO] PluginManage:310 - Check plugin power
2024-03-05 23:35:14,022 [INFO] PluginManage:359 - Loaded plugin power (category:power,tabindex:4)
2024-03-05 23:35:14,023 [INFO] PluginManage:310 - Check plugin projectmanager
2024-03-05 23:35:14,050 [INFO] PluginManage:359 - Loaded plugin projectmanager (category:projectmanager,tabindex:3)
2024-03-05 23:35:14,051 [INFO] PluginManage:310 - Check plugin thirdparty
2024-03-05 23:35:14,425 [INFO] PluginManage:359 - Loaded plugin thirdparty (category:base,tabindex:-1)
2024-03-05 23:35:14,425 [WARN] IntegrityCheckThread:84 - waiting for thirdparty lock release [integrity check]
2024-03-05 23:35:14,425 [INFO] PluginManage:310 - Check plugin tools
2024-03-05 23:35:14,426 [INFO] IntegrityCheckThread:86 - entering critical section [integrity check]
2024-03-05 23:35:14,426 [INFO] ThirdPartyUpdaterWithRetryManager:70 - Updater plugin not ready yet. [1/15]
2024-03-05 23:35:14,471 [INFO] PluginManage:359 - Loaded plugin tools (category:base,tabindex:7)
2024-03-05 23:35:14,472 [INFO] PluginManage:310 - Check plugin tutovideos
2024-03-05 23:35:14,735 [INFO] PluginManage:359 - Loaded plugin tutovideos (category:base,tabindex:-1)
2024-03-05 23:35:14,736 [INFO] PluginManage:310 - Check plugin updater
2024-03-05 23:35:14,749 [INFO] PluginManage:359 - Loaded plugin updater (category:base,tabindex:12)
2024-03-05 23:35:14,749 [INFO] PluginManage:310 - Check plugin userauth
2024-03-05 23:35:14,755 [INFO] UserAuth:114 - Init User Auth plugin
2024-03-05 23:35:14,755 [INFO] PluginManage:359 - Loaded plugin userauth (category:base,tabindex:14)
2024-03-05 23:35:14,756 [INFO] PluginManage:283 - PluginManage : Loaded plugins [17]
2024-03-05 23:35:15,029 [INFO] PinOutPanel:1499 - setPackage(No Configuration,No Configuration)
2024-03-05 23:35:15,122 [INFO] CADModel:165 - CPN selected for project level
2024-03-05 23:35:15,123 [INFO] CADModel:114 - Register for checkConnection events
2024-03-05 23:35:15,157 [INFO] IPUIPlugin:80 - create IPUIPlugin
2024-03-05 23:35:15,157 [INFO] PluginManager:220 - loadIPPluginJar : add adc
2024-03-05 23:35:15,202 [INFO] IPUIPlugin:80 - create IPUIPlugin
2024-03-05 23:35:15,202 [INFO] PluginManager:220 - loadIPPluginJar : add aes
2024-03-05 23:35:15,260 [INFO] IPUIPlugin:80 - create IPUIPlugin
2024-03-05 23:35:15,260 [INFO] PluginManager:220 - loadIPPluginJar : add can
2024-03-05 23:35:15,292 [INFO] IPUIPlugin:80 - create IPUIPlugin
2024-03-05 23:35:15,292 [INFO] PluginManager:220 - loadIPPluginJar : add comp
2024-03-05 23:35:15,345 [INFO] IPUIPlugin:80 - create IPUIPlugin
2024-03-05 23:35:15,345 [INFO] PluginManager:220 - loadIPPluginJar : add cryp
2024-03-05 23:35:15,409 [INFO] IPUIPlugin:80 - create IPUIPlugin
2024-03-05 23:35:15,410 [INFO] PluginManager:220 - loadIPPluginJar : add dfsdm
2024-03-05 23:35:15,439 [INFO] IPUIPlugin:80 - create IPUIPlugin
2024-03-05 23:35:15,440 [INFO] PluginManager:220 - loadIPPluginJar : add dma
2024-03-05 23:35:15,521 [INFO] IPUIPlugin:80 - create IPUIPlugin
2024-03-05 23:35:15,521 [INFO] PluginManager:220 - loadIPPluginJar : add dma3
2024-03-05 23:35:15,544 [INFO] IPUIPlugin:80 - create IPUIPlugin
2024-03-05 23:35:15,544 [INFO] PluginManager:220 - loadIPPluginJar : add fatfs
2024-03-05 23:35:15,597 [INFO] IPUIPlugin:80 - create IPUIPlugin
2024-03-05 23:35:15,597 [INFO] PluginManager:220 - loadIPPluginJar : add fmc
2024-03-05 23:35:15,615 [INFO] IPUIPlugin:80 - create IPUIPlugin
2024-03-05 23:35:15,616 [INFO] PluginManager:220 - loadIPPluginJar : add freertos
2024-03-05 23:35:15,650 [INFO] IPUIPlugin:80 - create IPUIPlugin
2024-03-05 23:35:15,651 [INFO] PluginManager:220 - loadIPPluginJar : add genericplugin
2024-03-05 23:35:15,792 [INFO] IPUIPlugin:80 - create IPUIPlugin
2024-03-05 23:35:15,792 [INFO] PluginManager:220 - loadIPPluginJar : add gfxmmu
2024-03-05 23:35:15,961 [INFO] IPUIPlugin:80 - create IPUIPlugin
2024-03-05 23:35:15,962 [INFO] PluginManager:220 - loadIPPluginJar : add gic
2024-03-05 23:35:15,984 [INFO] IPUIPlugin:80 - create IPUIPlugin
2024-03-05 23:35:15,985 [INFO] PluginManager:220 - loadIPPluginJar : add gpio
2024-03-05 23:35:16,117 [INFO] IPUIPlugin:80 - create IPUIPlugin
2024-03-05 23:35:16,117 [INFO] PluginManager:220 - loadIPPluginJar : add gtzc
2024-03-05 23:35:16,153 [INFO] IPUIPlugin:80 - create IPUIPlugin
2024-03-05 23:35:16,153 [INFO] PluginManager:220 - loadIPPluginJar : add hash
2024-03-05 23:35:16,211 [INFO] IPUIPlugin:80 - create IPUIPlugin
2024-03-05 23:35:16,212 [INFO] PluginManager:220 - loadIPPluginJar : add i2c
2024-03-05 23:35:16,255 [INFO] IPUIPlugin:80 - create IPUIPlugin
2024-03-05 23:35:16,255 [INFO] PluginManager:220 - loadIPPluginJar : add i2s
2024-03-05 23:35:16,307 [INFO] IPUIPlugin:80 - create IPUIPlugin
2024-03-05 23:35:16,307 [INFO] PluginManager:220 - loadIPPluginJar : add i3c
2024-03-05 23:35:16,474 [INFO] IPUIPlugin:80 - create IPUIPlugin
2024-03-05 23:35:16,474 [INFO] PluginManager:220 - loadIPPluginJar : add ipddr
2024-03-05 23:35:16,610 [INFO] IPUIPlugin:80 - create IPUIPlugin
2024-03-05 23:35:16,611 [INFO] PluginManager:220 - loadIPPluginJar : add linkedlist
2024-03-05 23:35:16,665 [INFO] IPUIPlugin:80 - create IPUIPlugin
2024-03-05 23:35:16,665 [INFO] PluginManager:220 - loadIPPluginJar : add lorawan
2024-03-05 23:35:16,720 [INFO] IPUIPlugin:80 - create IPUIPlugin
2024-03-05 23:35:16,720 [INFO] PluginManager:220 - loadIPPluginJar : add ltdc
2024-03-05 23:35:16,736 [INFO] IPUIPlugin:80 - create IPUIPlugin
2024-03-05 23:35:16,737 [INFO] PluginManager:220 - loadIPPluginJar : add mdma
2024-03-05 23:35:16,751 [INFO] IPUIPlugin:80 - create IPUIPlugin
2024-03-05 23:35:16,751 [INFO] PluginManager:220 - loadIPPluginJar : add nvic
2024-03-05 23:35:16,792 [INFO] IPUIPlugin:80 - create IPUIPlugin
2024-03-05 23:35:16,792 [INFO] PluginManager:220 - loadIPPluginJar : add opamp
2024-03-05 23:35:16,870 [INFO] IPUIPlugin:80 - create IPUIPlugin
2024-03-05 23:35:16,870 [INFO] PluginManager:220 - loadIPPluginJar : add openamp
2024-03-05 23:35:16,943 [INFO] IPUIPlugin:80 - create IPUIPlugin
2024-03-05 23:35:16,944 [INFO] PluginManager:220 - loadIPPluginJar : add pdm2pcm
2024-03-05 23:35:16,971 [INFO] IPUIPlugin:80 - create IPUIPlugin
2024-03-05 23:35:16,976 [INFO] PluginManager:220 - loadIPPluginJar : add plateformsettings
2024-03-05 23:35:17,017 [INFO] IPUIPlugin:80 - create IPUIPlugin
2024-03-05 23:35:17,017 [INFO] PluginManager:220 - loadIPPluginJar : add quadspi
2024-03-05 23:35:17,041 [INFO] IPUIPlugin:80 - create IPUIPlugin
2024-03-05 23:35:17,041 [INFO] PluginManager:220 - loadIPPluginJar : add resmgrutility
2024-03-05 23:35:17,118 [INFO] IPUIPlugin:80 - create IPUIPlugin
2024-03-05 23:35:17,118 [INFO] PluginManager:220 - loadIPPluginJar : add sai
2024-03-05 23:35:17,159 [INFO] IPUIPlugin:80 - create IPUIPlugin
2024-03-05 23:35:17,160 [INFO] PluginManager:220 - loadIPPluginJar : add spi
2024-03-05 23:35:17,261 [INFO] IPUIPlugin:80 - create IPUIPlugin
2024-03-05 23:35:17,261 [INFO] PluginManager:220 - loadIPPluginJar : add stm32_wpan
2024-03-05 23:35:17,297 [INFO] IPUIPlugin:80 - create IPUIPlugin
2024-03-05 23:35:17,297 [INFO] PluginManager:220 - loadIPPluginJar : add tim
2024-03-05 23:35:17,395 [INFO] IPUIPlugin:80 - create IPUIPlugin
2024-03-05 23:35:17,395 [INFO] PluginManager:220 - loadIPPluginJar : add touchsensing
2024-03-05 23:35:17,427 [INFO] ThirdPartyUpdaterWithRetryManager:70 - Updater plugin not ready yet. [2/15]
2024-03-05 23:35:17,428 [INFO] IPUIPlugin:80 - create IPUIPlugin
2024-03-05 23:35:17,428 [INFO] PluginManager:220 - loadIPPluginJar : add tracer_emb
2024-03-05 23:35:17,454 [INFO] IPUIPlugin:80 - create IPUIPlugin
2024-03-05 23:35:17,455 [INFO] PluginManager:220 - loadIPPluginJar : add ts
2024-03-05 23:35:17,485 [INFO] IPUIPlugin:80 - create IPUIPlugin
2024-03-05 23:35:17,485 [INFO] PluginManager:220 - loadIPPluginJar : add tsc
2024-03-05 23:35:17,523 [INFO] IPUIPlugin:80 - create IPUIPlugin
2024-03-05 23:35:17,524 [INFO] PluginManager:220 - loadIPPluginJar : add ucpd
2024-03-05 23:35:17,595 [INFO] IPUIPlugin:80 - create IPUIPlugin
2024-03-05 23:35:17,595 [INFO] PluginManager:220 - loadIPPluginJar : add usart
2024-03-05 23:35:17,646 [INFO] IPUIPlugin:80 - create IPUIPlugin
2024-03-05 23:35:17,646 [INFO] PluginManager:220 - loadIPPluginJar : add usbx
2024-03-05 23:35:17,798 [INFO] CADModel:165 - CPN selected for project level
2024-03-05 23:35:17,798 [INFO] CADModel:114 - Register for checkConnection events
2024-03-05 23:35:17,799 [FATAL] Updater:308 - Updater called before beeing initialized
2024-03-05 23:35:17,799 [ERROR] CADModel:125 - Updater not yet initialized, retry later 
2024-03-05 23:35:18,024 [INFO] CADModel:165 - CPN selected for project level
2024-03-05 23:35:18,024 [INFO] CADModel:114 - Register for checkConnection events
2024-03-05 23:35:18,024 [FATAL] Updater:308 - Updater called before beeing initialized
2024-03-05 23:35:18,024 [ERROR] CADModel:125 - Updater not yet initialized, retry later 
2024-03-05 23:35:18,028 [FATAL] Updater:308 - Updater called before beeing initialized
2024-03-05 23:35:18,195 [FATAL] Updater:308 - Updater called before beeing initialized
2024-03-05 23:35:18,209 [INFO] DbMcusAds:53 - JSON generation date=Wed Nov 29 21:52:27 AEDT 2023 (1701255147349)
2024-03-05 23:35:18,209 [FATAL] Updater:308 - Updater called before beeing initialized
2024-03-05 23:35:18,307 [WARN] DetailPanel:346 - Failed to get advertising image, set to default
2024-03-05 23:35:18,445 [FATAL] Updater:308 - Updater called before beeing initialized
2024-03-05 23:35:18,447 [FATAL] Updater:308 - Updater called before beeing initialized
2024-03-05 23:35:18,447 [FATAL] Updater:308 - Updater called before beeing initialized
2024-03-05 23:35:18,447 [WARN] DetailPanel:346 - Failed to get advertising image, set to default
2024-03-05 23:35:18,448 [FATAL] Updater:308 - Updater called before beeing initialized
2024-03-05 23:35:18,541 [ERROR] Updater:1120 - MainUpdater not yet initialized. External WinMGr cannot be set.
2024-03-05 23:35:18,559 [INFO] Updater:1056 - Updater Version found : 6.10.0
2024-03-05 23:35:18,583 [INFO] ApplicationProperties:184 - Using Application install path: C:\Users\georg\Desktop\STM32CubeIDE_1.14.1\STM32CubeIDE\plugins\com.st.stm32cube.common.mx_6.10.0.202311202037
2024-03-05 23:35:20,178 [ERROR] LogOutputStream:75 - [STDERR_REDIRECT] Mar 05, 2024 11:35:20 PM java.util.prefs.WindowsPreferences <init>
2024-03-05 23:35:20,184 [ERROR] LogOutputStream:75 - [STDERR_REDIRECT] WARNING: Could not open/create prefs root node Software\JavaSoft\Prefs at root 0xffffffff80000002. Windows RegCreateKeyEx(...) returned error code 5.
2024-03-05 23:35:20,184 [ERROR] LogOutputStream:75 - [STDERR_REDIRECT] 
2024-03-05 23:35:20,427 [INFO] ThirdPartyUpdaterWithRetryManager:70 - Updater plugin not ready yet. [3/15]
2024-03-05 23:35:20,553 [INFO] MainUpdater:2873 - connection check result : 10
2024-03-05 23:35:20,555 [INFO] MainUpdater:290 - Updater Check For Update Now.
2024-03-05 23:35:20,555 [INFO] MicroXplorer:498 - Change Database Version : DB.6.0.100
2024-03-05 23:35:20,583 [INFO] McuFinderGlobals:63 - Set McuFinder mode to 2 (CubeIDE integrated)
2024-03-05 23:35:20,584 [INFO] UserAuth:180 - activating auth plugin
2024-03-05 23:35:20,588 [INFO] UserAuth:404 - Internet connection configuration mode: 1
2024-03-05 23:35:20,635 [INFO] JxBrowserEngine:152 - Initiate JxBrowser Engine with user profile folder
2024-03-05 23:35:20,856 [INFO] CheckServerUpdateThread:120 - End of CheckServer Thread
2024-03-05 23:35:23,713 [INFO] WebApp:161 - Instantiating new browser for Auth
2024-03-05 23:35:23,785 [WARN] PackLoader:240 - Cannot read IP mode file for STMicroelectronics.X-CUBE-SMBUS.2.1.0
2024-03-05 23:35:23,825 [WARN] PackLoader:240 - Cannot read IP mode file for STMicroelectronics.X-CUBE-TOUCHGFX.4.23.0
2024-03-05 23:35:23,951 [WARN] PackLoader:240 - Cannot read IP mode file for STMicroelectronics.X-CUBE-AZRTOS-F7.1.1.0
2024-03-05 23:35:23,998 [WARN] PackLoader:240 - Cannot read IP mode file for STMicroelectronics.FP-SNS-MOTENV1.4.3.2
2024-03-05 23:35:24,037 [WARN] PackLoader:240 - Cannot read IP mode file for STMicroelectronics.FP-SNS-FLIGHT1.5.0.2
2024-03-05 23:35:24,079 [WARN] PackLoader:240 - Cannot read IP mode file for STMicroelectronics.X-CUBE-DISPLAY.3.0.0
2024-03-05 23:35:24,131 [WARN] PackLoader:240 - Cannot read IP mode file for STMicroelectronics.X-CUBE-BLE1.7.0.0
2024-03-05 23:35:24,162 [WARN] PackLoader:240 - Cannot read IP mode file for emotas.I-CUBE-CANOPEN.1.3.0
2024-03-05 23:35:24,204 [WARN] PackLoader:240 - Cannot read IP mode file for STMicroelectronics.X-CUBE-BLEMGR.3.1.0
2024-03-05 23:35:24,237 [WARN] PackLoader:240 - Cannot read IP mode file for STMicroelectronics.FP-SNS-SMARTAG2.1.2.0
2024-03-05 23:35:24,277 [INFO] LogOutputStream:77 - [STDOUT_REDIRECT] 1 : Invalid condition id : UX_CORESTACK_Condition cause : null
2024-03-05 23:35:24,279 [INFO] LogOutputStream:77 - [STDOUT_REDIRECT] 1 : Invalid condition id : UX_CORESTACK_Condition cause : null
2024-03-05 23:35:24,282 [INFO] LogOutputStream:77 - [STDOUT_REDIRECT] 1 : Invalid condition id : UX_CORESTACK_Condition cause : null
2024-03-05 23:35:24,285 [INFO] LogOutputStream:77 - [STDOUT_REDIRECT] 1 : Invalid condition id : UX_CORESTACK_Condition cause : null
2024-03-05 23:35:24,286 [INFO] LogOutputStream:77 - [STDOUT_REDIRECT] 1 : Invalid condition id : UX_CORESTACK_Condition cause : null
2024-03-05 23:35:24,295 [WARN] PackLoader:240 - Cannot read IP mode file for STMicroelectronics.X-CUBE-AZRTOS-WL.2.0.0
2024-03-05 23:35:24,325 [WARN] PackLoader:240 - Cannot read IP mode file for WES.I-CUBE-Cesium.1.3.0
2024-03-05 23:35:24,350 [WARN] PackLoader:240 - Cannot read IP mode file for STMicroelectronics.X-CUBE-BLE2.3.3.0
2024-03-05 23:35:24,379 [WARN] PackLoader:240 - Cannot read IP mode file for STMicroelectronics.X-CUBE-ALGOBUILD.1.3.0
2024-03-05 23:35:24,440 [WARN] PackLoader:240 - Cannot read IP mode file for STMicroelectronics.X-CUBE-AZRTOS-G0.1.1.0
2024-03-05 23:35:24,469 [WARN] PackLoader:240 - Cannot read IP mode file for STMicroelectronics.X-CUBE-NFC4.3.0.0
2024-03-05 23:35:24,494 [WARN] PackLoader:240 - Cannot read IP mode file for STMicroelectronics.FP-ATR-SIGFOX1.3.2.0
2024-03-05 23:35:24,519 [WARN] PackLoader:240 - Cannot read IP mode file for STMicroelectronics.X-CUBE-EEPRMA1.5.1.0
2024-03-05 23:35:24,625 [WARN] PackLoader:240 - Cannot read IP mode file for SEGGER.I-CUBE-embOS.1.3.1
2024-03-05 23:35:24,810 [WARN] PackLoader:240 - Cannot read IP mode file for STMicroelectronics.X-CUBE-GNSS1.6.0.0
2024-03-05 23:35:24,878 [WARN] PackLoader:240 - Cannot read IP mode file for STMicroelectronics.X-CUBE-AZRTOS-F4.1.1.0
2024-03-05 23:35:24,909 [WARN] PackLoader:240 - Cannot read IP mode file for wolfSSL.I-CUBE-wolfSSL.5.6.6
2024-03-05 23:35:24,960 [WARN] PackLoader:240 - Cannot read IP mode file for STMicroelectronics.X-CUBE-AZRTOS-L5.2.0.0
2024-03-05 23:35:24,986 [WARN] PackLoader:240 - Cannot read IP mode file for ITTIA_DB.I-CUBE-ITTIADB.8.8.0
2024-03-05 23:35:25,008 [WARN] PackLoader:240 - Cannot read IP mode file for STMicroelectronics.X-CUBE-NFC7.1.0.1
2024-03-05 23:35:25,035 [WARN] PackLoader:240 - Cannot read IP mode file for STMicroelectronics.X-CUBE-NFC6.3.0.0
2024-03-05 23:35:25,062 [WARN] PackLoader:240 - Cannot read IP mode file for STMicroelectronics.X-CUBE-AI.8.1.0
2024-03-05 23:35:25,123 [WARN] ConditionMgr:438 - getConditionDescription Invalid condition id : LAN8742 Phy interface Condition cause : null
2024-03-05 23:35:25,125 [WARN] PackLoader:240 - Cannot read IP mode file for STMicroelectronics.X-CUBE-AZRTOS-L4.2.0.0
2024-03-05 23:35:25,128 [WARN] ConditionMgr:1039 - genDependencies : Invalid condition id : LAN8742 Phy interface Condition cause : null
2024-03-05 23:35:25,128 [WARN] ConditionMgr:1039 - genDependencies : Invalid condition id : LAN8742 Phy interface Condition cause : null
2024-03-05 23:35:25,129 [WARN] ConditionMgr:1039 - genDependencies : Invalid condition id : LAN8742 Phy interface Condition cause : null
2024-03-05 23:35:25,164 [WARN] PackLoader:240 - Cannot read IP mode file for STMicroelectronics.X-CUBE-SFXS2LP1.4.0.0
2024-03-05 23:35:25,173 [INFO] WebApp:780 - Register for checkConnection events
2024-03-05 23:35:25,175 [INFO] WebApp:414 - Apply proxy settings
2024-03-05 23:35:25,175 [INFO] WebApp:499 - Chromium requires no authentication
2024-03-05 23:35:25,192 [INFO] WebApp:442 - Direct internet connection detected
2024-03-05 23:35:25,208 [WARN] ConditionMgr:438 - getConditionDescription Invalid condition id : UX DEVICE CLASS RTOS Condition cause : null
2024-03-05 23:35:25,209 [WARN] ConditionMgr:438 - getConditionDescription Invalid condition id : UX DEVICE CLASS RTOS Condition cause : null
2024-03-05 23:35:25,214 [WARN] PackLoader:240 - Cannot read IP mode file for STMicroelectronics.X-CUBE-AZRTOS-WB.2.0.0
2024-03-05 23:35:25,215 [WARN] ConditionMgr:1039 - genDependencies : Invalid condition id : UX DEVICE CLASS RTOS Condition cause : null
2024-03-05 23:35:25,215 [WARN] ConditionMgr:1039 - genDependencies : Invalid condition id : UX DEVICE CLASS RTOS Condition cause : null
2024-03-05 23:35:25,216 [WARN] ConditionMgr:1039 - genDependencies : Invalid condition id : UX DEVICE CLASS RTOS Condition cause : null
2024-03-05 23:35:25,216 [WARN] ConditionMgr:1039 - genDependencies : Invalid condition id : UX DEVICE CLASS RTOS Condition cause : null
2024-03-05 23:35:25,216 [WARN] ConditionMgr:1039 - genDependencies : Invalid condition id : UX DEVICE CLASS RTOS Condition cause : null
2024-03-05 23:35:25,261 [WARN] PackLoader:240 - Cannot read IP mode file for STMicroelectronics.X-CUBE-SUBG2.5.0.0
2024-03-05 23:35:25,319 [WARN] PackLoader:240 - Cannot read IP mode file for STMicroelectronics.X-CUBE-AZRTOS-G4.2.0.0
2024-03-05 23:35:25,370 [WARN] PackLoader:240 - Cannot read IP mode file for Infineon.AIROC-Wi-Fi-Bluetooth-STM32.1.5.1
2024-03-05 23:35:25,402 [WARN] PackLoader:240 - Cannot read IP mode file for STMicroelectronics.FP-SNS-MOTENVWB1.1.3.1
2024-03-05 23:35:25,426 [WARN] PackLoader:240 - Cannot read IP mode file for STMicroelectronics.X-CUBE-ISPU.2.0.0
2024-03-05 23:35:25,531 [WARN] PackLoader:240 - Cannot read IP mode file for STMicroelectronics.X-CUBE-MEMS1.10.0.0
2024-03-05 23:35:25,618 [INFO] WebApp:192 - Starting web application
2024-03-05 23:35:25,618 [INFO] WebApp:544 - Web application path used C:\Users\georg\Desktop\STM32CubeIDE_1.14.1\STM32CubeIDE\plugins\com.st.stm32cube.common.mx_6.10.0.202311202037\db\plugins\mcufinder\reactClient1\index.html
2024-03-05 23:35:25,793 [WARN] PackLoader:240 - Cannot read IP mode file for STMicroelectronics.X-CUBE-FREERTOS.1.1.0
2024-03-05 23:35:25,818 [WARN] PackLoader:240 - Cannot read IP mode file for portGmbH.I-Cube-SoM-uGOAL.1.1.0
2024-03-05 23:35:25,839 [WARN] PackLoader:240 - Cannot read IP mode file for STMicroelectronics.X-CUBE-ALS.1.0.1
2024-03-05 23:35:25,861 [WARN] PackLoader:240 - Cannot read IP mode file for STMicroelectronics.FP-ATR-ASTRA1.2.0.0
2024-03-05 23:35:25,900 [WARN] PackLoader:240 - Cannot read IP mode file for STMicroelectronics.X-CUBE-TOF1.3.4.1
2024-03-05 23:35:25,993 [WARN] PackLoader:240 - Cannot read IP mode file for STMicroelectronics.X-CUBE-AZRTOS-H7.3.2.0
2024-03-05 23:35:26,000 [INFO] ThirdParty:978 - Integrity check success = true
2024-03-05 23:35:26,001 [INFO] IntegrityCheckThread:100 - exiting critical section [integrity check]
2024-03-05 23:35:26,001 [INFO] IntegrityCheckThread:103 - End integrity checks thread
2024-03-05 23:35:47,272 [ERROR] LogOutputStream:75 - [STDERR_REDIRECT] SLF4J: Failed to load class "org.slf4j.impl.StaticLoggerBinder".
2024-03-05 23:35:47,274 [ERROR] LogOutputStream:75 - [STDERR_REDIRECT] SLF4J: Defaulting to no-operation (NOP) logger implementation
2024-03-05 23:35:47,275 [ERROR] LogOutputStream:75 - [STDERR_REDIRECT] SLF4J: See http://www.slf4j.org/codes.html#StaticLoggerBinder for further details.
